{"/home/blackops/code/learning/sapper/__sapper__/dev/server/server.js":{"path":"/home/blackops/code/learning/sapper/__sapper__/dev/server/server.js","statementMap":{"0":{"start":{"line":3,"column":32},"end":{"line":3,"column":112}},"1":{"start":{"line":5,"column":11},"end":{"line":5,"column":43}},"2":{"start":{"line":6,"column":12},"end":{"line":6,"column":45}},"3":{"start":{"line":7,"column":18},"end":{"line":7,"column":57}},"4":{"start":{"line":8,"column":9},"end":{"line":8,"column":39}},"5":{"start":{"line":9,"column":11},"end":{"line":9,"column":43}},"6":{"start":{"line":10,"column":13},"end":{"line":10,"column":47}},"7":{"start":{"line":11,"column":11},"end":{"line":11,"column":43}},"8":{"start":{"line":12,"column":10},"end":{"line":12,"column":41}},"9":{"start":{"line":13,"column":12},"end":{"line":13,"column":45}},"10":{"start":{"line":14,"column":11},"end":{"line":14,"column":43}},"11":{"start":{"line":25,"column":14},"end":{"line":101,"column":1}},"12":{"start":{"line":103,"column":0},"end":{"line":105,"column":3}},"13":{"start":{"line":104,"column":1},"end":{"line":104,"column":47}},"14":{"start":{"line":107,"column":17},"end":{"line":112,"column":3}},"15":{"start":{"line":108,"column":1},"end":{"line":111,"column":3}},"16":{"start":{"line":115,"column":1},"end":{"line":117,"column":4}},"17":{"start":{"line":119,"column":1},"end":{"line":119,"column":19}},"18":{"start":{"line":122,"column":27},"end":{"line":125,"column":2}},"19":{"start":{"line":127,"column":15},"end":{"line":127,"column":24}},"20":{"start":{"line":128,"column":0},"end":{"line":130,"column":3}},"21":{"start":{"line":129,"column":1},"end":{"line":129,"column":45}},"22":{"start":{"line":135,"column":18},"end":{"line":135,"column":28}},"23":{"start":{"line":137,"column":1},"end":{"line":151,"column":2}},"24":{"start":{"line":138,"column":2},"end":{"line":140,"column":5}},"25":{"start":{"line":142,"column":2},"end":{"line":142,"column":28}},"26":{"start":{"line":144,"column":2},"end":{"line":146,"column":5}},"27":{"start":{"line":148,"column":2},"end":{"line":150,"column":6}},"28":{"start":{"line":154,"column":27},"end":{"line":157,"column":2}},"29":{"start":{"line":161,"column":4},"end":{"line":161,"column":16}},"30":{"start":{"line":164,"column":4},"end":{"line":164,"column":31}},"31":{"start":{"line":167,"column":4},"end":{"line":167,"column":21}},"32":{"start":{"line":170,"column":4},"end":{"line":170,"column":98}},"33":{"start":{"line":173,"column":4},"end":{"line":173,"column":38}},"34":{"start":{"line":178,"column":4},"end":{"line":178,"column":34}},"35":{"start":{"line":181,"column":4},"end":{"line":182,"column":76}},"36":{"start":{"line":182,"column":8},"end":{"line":182,"column":76}},"37":{"start":{"line":183,"column":4},"end":{"line":183,"column":29}},"38":{"start":{"line":186,"column":4},"end":{"line":186,"column":57}},"39":{"start":{"line":188,"column":16},"end":{"line":194,"column":1}},"40":{"start":{"line":196,"column":4},"end":{"line":196,"column":69}},"41":{"start":{"line":196,"column":53},"end":{"line":196,"column":67}},"42":{"start":{"line":199,"column":14},"end":{"line":199,"column":16}},"43":{"start":{"line":200,"column":4},"end":{"line":202,"column":5}},"44":{"start":{"line":200,"column":17},"end":{"line":200,"column":18}},"45":{"start":{"line":201,"column":8},"end":{"line":201,"column":31}},"46":{"start":{"line":203,"column":4},"end":{"line":203,"column":15}},"47":{"start":{"line":205,"column":26},"end":{"line":207,"column":1}},"48":{"start":{"line":206,"column":20},"end":{"line":206,"column":22}},"49":{"start":{"line":209,"column":4},"end":{"line":213,"column":5}},"50":{"start":{"line":210,"column":8},"end":{"line":211,"column":34}},"51":{"start":{"line":211,"column":12},"end":{"line":211,"column":34}},"52":{"start":{"line":212,"column":8},"end":{"line":212,"column":195}},"53":{"start":{"line":214,"column":4},"end":{"line":214,"column":21}},"54":{"start":{"line":219,"column":33},"end":{"line":219,"column":50}},"55":{"start":{"line":220,"column":19},"end":{"line":228,"column":9}},"56":{"start":{"line":229,"column":8},"end":{"line":229,"column":38}},"57":{"start":{"line":230,"column":21},"end":{"line":230,"column":55}},"58":{"start":{"line":231,"column":8},"end":{"line":231,"column":48}},"59":{"start":{"line":232,"column":8},"end":{"line":232,"column":20}},"60":{"start":{"line":234,"column":4},"end":{"line":250,"column":6}},"61":{"start":{"line":236,"column":12},"end":{"line":236,"column":28}},"62":{"start":{"line":237,"column":27},"end":{"line":237,"column":55}},"63":{"start":{"line":238,"column":25},"end":{"line":238,"column":61}},"64":{"start":{"line":239,"column":12},"end":{"line":239,"column":32}},"65":{"start":{"line":240,"column":12},"end":{"line":247,"column":14}},"66":{"start":{"line":243,"column":60},"end":{"line":243,"column":68}},"67":{"start":{"line":255,"column":12},"end":{"line":258,"column":1}},"68":{"start":{"line":260,"column":14},"end":{"line":273,"column":2}},"69":{"start":{"line":261,"column":1},"end":{"line":261,"column":23}},"70":{"start":{"line":263,"column":1},"end":{"line":272,"column":121}},"71":{"start":{"line":277,"column":14},"end":{"line":283,"column":2}},"72":{"start":{"line":278,"column":1},"end":{"line":282,"column":58}},"73":{"start":{"line":287,"column":14},"end":{"line":290,"column":1}},"74":{"start":{"line":293,"column":1},"end":{"line":295,"column":4}},"75":{"start":{"line":293,"column":42},"end":{"line":293,"column":50}},"76":{"start":{"line":294,"column":2},"end":{"line":294,"column":19}},"77":{"start":{"line":298,"column":16},"end":{"line":313,"column":2}},"78":{"start":{"line":299,"column":17},"end":{"line":299,"column":24}},"79":{"start":{"line":301,"column":1},"end":{"line":301,"column":95}},"80":{"start":{"line":301,"column":71},"end":{"line":301,"column":95}},"81":{"start":{"line":303,"column":1},"end":{"line":303,"column":25}},"82":{"start":{"line":305,"column":1},"end":{"line":312,"column":8}},"83":{"start":{"line":310,"column":26},"end":{"line":311,"column":89}},"84":{"start":{"line":317,"column":14},"end":{"line":320,"column":1}},"85":{"start":{"line":325,"column":13},"end":{"line":325,"column":57}},"86":{"start":{"line":326,"column":14},"end":{"line":326,"column":30}},"87":{"start":{"line":328,"column":1},"end":{"line":332,"column":2}},"88":{"start":{"line":329,"column":2},"end":{"line":329,"column":24}},"89":{"start":{"line":331,"column":2},"end":{"line":331,"column":39}},"90":{"start":{"line":335,"column":13},"end":{"line":349,"column":2}},"91":{"start":{"line":336,"column":16},"end":{"line":336,"column":23}},"92":{"start":{"line":338,"column":1},"end":{"line":338,"column":90}},"93":{"start":{"line":338,"column":68},"end":{"line":338,"column":90}},"94":{"start":{"line":340,"column":1},"end":{"line":340,"column":25}},"95":{"start":{"line":342,"column":1},"end":{"line":348,"column":9}},"96":{"start":{"line":353,"column":14},"end":{"line":356,"column":1}},"97":{"start":{"line":358,"column":12},"end":{"line":374,"column":2}},"98":{"start":{"line":359,"column":19},"end":{"line":359,"column":26}},"99":{"start":{"line":361,"column":1},"end":{"line":361,"column":105}},"100":{"start":{"line":361,"column":77},"end":{"line":361,"column":105}},"101":{"start":{"line":363,"column":1},"end":{"line":363,"column":25}},"102":{"start":{"line":365,"column":1},"end":{"line":373,"column":9}},"103":{"start":{"line":378,"column":14},"end":{"line":381,"column":1}},"104":{"start":{"line":383,"column":15},"end":{"line":395,"column":2}},"105":{"start":{"line":384,"column":19},"end":{"line":384,"column":26}},"106":{"start":{"line":386,"column":1},"end":{"line":386,"column":105}},"107":{"start":{"line":386,"column":77},"end":{"line":386,"column":105}},"108":{"start":{"line":388,"column":1},"end":{"line":388,"column":25}},"109":{"start":{"line":390,"column":1},"end":{"line":394,"column":10}},"110":{"start":{"line":399,"column":14},"end":{"line":402,"column":1}},"111":{"start":{"line":404,"column":16},"end":{"line":419,"column":2}},"112":{"start":{"line":405,"column":25},"end":{"line":405,"column":32}},"113":{"start":{"line":407,"column":1},"end":{"line":407,"column":100}},"114":{"start":{"line":407,"column":74},"end":{"line":407,"column":100}},"115":{"start":{"line":408,"column":1},"end":{"line":408,"column":95}},"116":{"start":{"line":408,"column":71},"end":{"line":408,"column":95}},"117":{"start":{"line":410,"column":1},"end":{"line":410,"column":25}},"118":{"start":{"line":412,"column":1},"end":{"line":418,"column":63}},"119":{"start":{"line":423,"column":10},"end":{"line":423,"column":28}},"120":{"start":{"line":425,"column":17},"end":{"line":480,"column":1}},"121":{"start":{"line":431,"column":18},"end":{"line":431,"column":20}},"122":{"start":{"line":438,"column":21},"end":{"line":438,"column":42}},"123":{"start":{"line":472,"column":109},"end":{"line":472,"column":130}},"124":{"start":{"line":482,"column":18},"end":{"line":482,"column":34}},"125":{"start":{"line":484,"column":16},"end":{"line":484,"column":21}},"126":{"start":{"line":486,"column":25},"end":{"line":486,"column":27}},"127":{"start":{"line":494,"column":24},"end":{"line":494,"column":26}},"128":{"start":{"line":496,"column":8},"end":{"line":512,"column":9}},"129":{"start":{"line":497,"column":12},"end":{"line":497,"column":30}},"130":{"start":{"line":498,"column":12},"end":{"line":511,"column":13}},"131":{"start":{"line":499,"column":34},"end":{"line":499,"column":58}},"132":{"start":{"line":500,"column":16},"end":{"line":504,"column":17}},"133":{"start":{"line":500,"column":29},"end":{"line":500,"column":30}},"134":{"start":{"line":501,"column":30},"end":{"line":501,"column":44}},"135":{"start":{"line":502,"column":20},"end":{"line":502,"column":27}},"136":{"start":{"line":503,"column":20},"end":{"line":503,"column":52}},"137":{"start":{"line":505,"column":16},"end":{"line":510,"column":17}},"138":{"start":{"line":506,"column":20},"end":{"line":508,"column":21}},"139":{"start":{"line":506,"column":33},"end":{"line":506,"column":34}},"140":{"start":{"line":507,"column":24},"end":{"line":507,"column":72}},"141":{"start":{"line":509,"column":20},"end":{"line":509,"column":48}},"142":{"start":{"line":515,"column":8},"end":{"line":515,"column":23}},"143":{"start":{"line":518,"column":27},"end":{"line":518,"column":44}},"144":{"start":{"line":519,"column":8},"end":{"line":519,"column":37}},"145":{"start":{"line":520,"column":8},"end":{"line":522,"column":9}},"146":{"start":{"line":521,"column":12},"end":{"line":521,"column":38}},"147":{"start":{"line":523,"column":8},"end":{"line":523,"column":19}},"148":{"start":{"line":524,"column":8},"end":{"line":533,"column":10}},"149":{"start":{"line":525,"column":26},"end":{"line":525,"column":57}},"150":{"start":{"line":526,"column":12},"end":{"line":528,"column":13}},"151":{"start":{"line":527,"column":16},"end":{"line":527,"column":45}},"152":{"start":{"line":529,"column":12},"end":{"line":532,"column":13}},"153":{"start":{"line":530,"column":16},"end":{"line":530,"column":23}},"154":{"start":{"line":531,"column":16},"end":{"line":531,"column":28}},"155":{"start":{"line":535,"column":4},"end":{"line":535,"column":38}},"156":{"start":{"line":538,"column":20},"end":{"line":538,"column":22}},"157":{"start":{"line":542,"column":12},"end":{"line":564,"column":2}},"158":{"start":{"line":545,"column":66},"end":{"line":545,"column":73}},"159":{"start":{"line":547,"column":1},"end":{"line":547,"column":33}},"160":{"start":{"line":549,"column":1},"end":{"line":549,"column":100}},"161":{"start":{"line":549,"column":74},"end":{"line":549,"column":100}},"162":{"start":{"line":550,"column":1},"end":{"line":550,"column":95}},"163":{"start":{"line":550,"column":71},"end":{"line":550,"column":95}},"164":{"start":{"line":551,"column":1},"end":{"line":551,"column":100}},"165":{"start":{"line":551,"column":74},"end":{"line":551,"column":100}},"166":{"start":{"line":552,"column":1},"end":{"line":552,"column":110}},"167":{"start":{"line":552,"column":80},"end":{"line":552,"column":110}},"168":{"start":{"line":553,"column":1},"end":{"line":553,"column":100}},"169":{"start":{"line":553,"column":74},"end":{"line":553,"column":100}},"170":{"start":{"line":554,"column":1},"end":{"line":554,"column":100}},"171":{"start":{"line":554,"column":74},"end":{"line":554,"column":100}},"172":{"start":{"line":556,"column":1},"end":{"line":563,"column":6}},"173":{"start":{"line":560,"column":17},"end":{"line":562,"column":2}},"174":{"start":{"line":568,"column":2},"end":{"line":568,"column":58}},"175":{"start":{"line":570,"column":17},"end":{"line":570,"column":41}},"176":{"start":{"line":573,"column":24},"end":{"line":573,"column":60}},"177":{"start":{"line":574,"column":24},"end":{"line":574,"column":53}},"178":{"start":{"line":575,"column":2},"end":{"line":626,"column":3}},"179":{"start":{"line":576,"column":3},"end":{"line":606,"column":4}},"180":{"start":{"line":577,"column":38},"end":{"line":577,"column":41}},"181":{"start":{"line":578,"column":19},"end":{"line":578,"column":21}},"182":{"start":{"line":579,"column":20},"end":{"line":579,"column":22}},"183":{"start":{"line":582,"column":4},"end":{"line":585,"column":6}},"184":{"start":{"line":583,"column":5},"end":{"line":583,"column":37}},"185":{"start":{"line":584,"column":5},"end":{"line":584,"column":33}},"186":{"start":{"line":587,"column":4},"end":{"line":590,"column":6}},"187":{"start":{"line":588,"column":5},"end":{"line":588,"column":41}},"188":{"start":{"line":589,"column":5},"end":{"line":589,"column":37}},"189":{"start":{"line":592,"column":4},"end":{"line":605,"column":6}},"190":{"start":{"line":593,"column":5},"end":{"line":593,"column":48}},"191":{"start":{"line":593,"column":16},"end":{"line":593,"column":48}},"192":{"start":{"line":594,"column":5},"end":{"line":594,"column":31}},"193":{"start":{"line":596,"column":5},"end":{"line":604,"column":8}},"194":{"start":{"line":608,"column":23},"end":{"line":615,"column":4}},"195":{"start":{"line":609,"column":4},"end":{"line":614,"column":5}},"196":{"start":{"line":610,"column":5},"end":{"line":610,"column":26}},"197":{"start":{"line":611,"column":5},"end":{"line":611,"column":26}},"198":{"start":{"line":613,"column":5},"end":{"line":613,"column":28}},"199":{"start":{"line":617,"column":3},"end":{"line":622,"column":4}},"200":{"start":{"line":618,"column":4},"end":{"line":618,"column":47}},"201":{"start":{"line":620,"column":4},"end":{"line":620,"column":23}},"202":{"start":{"line":621,"column":4},"end":{"line":621,"column":21}},"203":{"start":{"line":625,"column":3},"end":{"line":625,"column":26}},"204":{"start":{"line":629,"column":1},"end":{"line":638,"column":3}},"205":{"start":{"line":630,"column":2},"end":{"line":635,"column":3}},"206":{"start":{"line":631,"column":3},"end":{"line":634,"column":4}},"207":{"start":{"line":632,"column":4},"end":{"line":632,"column":40}},"208":{"start":{"line":633,"column":4},"end":{"line":633,"column":11}},"209":{"start":{"line":637,"column":2},"end":{"line":637,"column":9}},"210":{"start":{"line":653,"column":14},"end":{"line":653,"column":19}},"211":{"start":{"line":654,"column":18},"end":{"line":654,"column":27}},"212":{"start":{"line":661,"column":13},"end":{"line":661,"column":31}},"213":{"start":{"line":662,"column":13},"end":{"line":662,"column":31}},"214":{"start":{"line":663,"column":22},"end":{"line":663,"column":27}},"215":{"start":{"line":673,"column":25},"end":{"line":673,"column":64}},"216":{"start":{"line":688,"column":2},"end":{"line":690,"column":3}},"217":{"start":{"line":689,"column":4},"end":{"line":689,"column":57}},"218":{"start":{"line":692,"column":12},"end":{"line":692,"column":14}},"219":{"start":{"line":693,"column":12},"end":{"line":693,"column":25}},"220":{"start":{"line":694,"column":14},"end":{"line":694,"column":40}},"221":{"start":{"line":695,"column":12},"end":{"line":695,"column":32}},"222":{"start":{"line":697,"column":2},"end":{"line":718,"column":3}},"223":{"start":{"line":697,"column":15},"end":{"line":697,"column":16}},"224":{"start":{"line":698,"column":15},"end":{"line":698,"column":23}},"225":{"start":{"line":699,"column":17},"end":{"line":699,"column":34}},"226":{"start":{"line":702,"column":4},"end":{"line":704,"column":5}},"227":{"start":{"line":703,"column":6},"end":{"line":703,"column":15}},"228":{"start":{"line":706,"column":14},"end":{"line":706,"column":43}},"229":{"start":{"line":707,"column":14},"end":{"line":707,"column":55}},"230":{"start":{"line":710,"column":4},"end":{"line":712,"column":5}},"231":{"start":{"line":711,"column":6},"end":{"line":711,"column":29}},"232":{"start":{"line":715,"column":4},"end":{"line":717,"column":5}},"233":{"start":{"line":716,"column":6},"end":{"line":716,"column":37}},"234":{"start":{"line":720,"column":2},"end":{"line":720,"column":13}},"235":{"start":{"line":740,"column":12},"end":{"line":740,"column":25}},"236":{"start":{"line":741,"column":12},"end":{"line":741,"column":32}},"237":{"start":{"line":743,"column":2},"end":{"line":745,"column":3}},"238":{"start":{"line":744,"column":4},"end":{"line":744,"column":52}},"239":{"start":{"line":747,"column":2},"end":{"line":749,"column":3}},"240":{"start":{"line":748,"column":4},"end":{"line":748,"column":52}},"241":{"start":{"line":751,"column":14},"end":{"line":751,"column":22}},"242":{"start":{"line":753,"column":2},"end":{"line":755,"column":3}},"243":{"start":{"line":754,"column":4},"end":{"line":754,"column":51}},"244":{"start":{"line":757,"column":12},"end":{"line":757,"column":30}},"245":{"start":{"line":759,"column":2},"end":{"line":763,"column":3}},"246":{"start":{"line":760,"column":17},"end":{"line":760,"column":31}},"247":{"start":{"line":761,"column":4},"end":{"line":761,"column":68}},"248":{"start":{"line":761,"column":23},"end":{"line":761,"column":68}},"249":{"start":{"line":762,"column":4},"end":{"line":762,"column":45}},"250":{"start":{"line":765,"column":2},"end":{"line":771,"column":3}},"251":{"start":{"line":766,"column":4},"end":{"line":768,"column":5}},"252":{"start":{"line":767,"column":6},"end":{"line":767,"column":54}},"253":{"start":{"line":770,"column":4},"end":{"line":770,"column":36}},"254":{"start":{"line":773,"column":2},"end":{"line":779,"column":3}},"255":{"start":{"line":774,"column":4},"end":{"line":776,"column":5}},"256":{"start":{"line":775,"column":6},"end":{"line":775,"column":52}},"257":{"start":{"line":778,"column":4},"end":{"line":778,"column":32}},"258":{"start":{"line":781,"column":2},"end":{"line":787,"column":3}},"259":{"start":{"line":782,"column":4},"end":{"line":784,"column":5}},"260":{"start":{"line":783,"column":6},"end":{"line":783,"column":55}},"261":{"start":{"line":786,"column":4},"end":{"line":786,"column":52}},"262":{"start":{"line":789,"column":2},"end":{"line":791,"column":3}},"263":{"start":{"line":790,"column":4},"end":{"line":790,"column":24}},"264":{"start":{"line":793,"column":2},"end":{"line":795,"column":3}},"265":{"start":{"line":794,"column":4},"end":{"line":794,"column":22}},"266":{"start":{"line":797,"column":2},"end":{"line":817,"column":3}},"267":{"start":{"line":798,"column":19},"end":{"line":799,"column":49}},"268":{"start":{"line":801,"column":4},"end":{"line":816,"column":5}},"269":{"start":{"line":803,"column":8},"end":{"line":803,"column":35}},"270":{"start":{"line":804,"column":8},"end":{"line":804,"column":14}},"271":{"start":{"line":806,"column":8},"end":{"line":806,"column":32}},"272":{"start":{"line":807,"column":8},"end":{"line":807,"column":14}},"273":{"start":{"line":809,"column":8},"end":{"line":809,"column":35}},"274":{"start":{"line":810,"column":8},"end":{"line":810,"column":14}},"275":{"start":{"line":812,"column":8},"end":{"line":812,"column":33}},"276":{"start":{"line":813,"column":8},"end":{"line":813,"column":14}},"277":{"start":{"line":815,"column":8},"end":{"line":815,"column":58}},"278":{"start":{"line":819,"column":2},"end":{"line":819,"column":13}},"279":{"start":{"line":831,"column":2},"end":{"line":835,"column":3}},"280":{"start":{"line":832,"column":4},"end":{"line":832,"column":23}},"281":{"start":{"line":834,"column":4},"end":{"line":834,"column":15}},"282":{"start":{"line":838,"column":13},"end":{"line":841,"column":1}},"283":{"start":{"line":843,"column":12},"end":{"line":843,"column":68}},"284":{"start":{"line":844,"column":18},"end":{"line":844,"column":49}},"285":{"start":{"line":845,"column":15},"end":{"line":845,"column":398}},"286":{"start":{"line":846,"column":16},"end":{"line":859,"column":1}},"287":{"start":{"line":860,"column":34},"end":{"line":860,"column":96}},"288":{"start":{"line":862,"column":17},"end":{"line":862,"column":26}},"289":{"start":{"line":864,"column":8},"end":{"line":866,"column":9}},"290":{"start":{"line":865,"column":12},"end":{"line":865,"column":59}},"291":{"start":{"line":867,"column":8},"end":{"line":870,"column":9}},"292":{"start":{"line":868,"column":12},"end":{"line":868,"column":53}},"293":{"start":{"line":869,"column":12},"end":{"line":869,"column":19}},"294":{"start":{"line":871,"column":8},"end":{"line":871,"column":29}},"295":{"start":{"line":872,"column":8},"end":{"line":900,"column":9}},"296":{"start":{"line":873,"column":23},"end":{"line":873,"column":37}},"297":{"start":{"line":874,"column":12},"end":{"line":899,"column":13}},"298":{"start":{"line":880,"column":20},"end":{"line":880,"column":27}},"299":{"start":{"line":882,"column":20},"end":{"line":882,"column":40}},"300":{"start":{"line":883,"column":20},"end":{"line":883,"column":26}},"301":{"start":{"line":886,"column":20},"end":{"line":886,"column":52}},"302":{"start":{"line":887,"column":20},"end":{"line":887,"column":26}},"303":{"start":{"line":889,"column":32},"end":{"line":889,"column":60}},"304":{"start":{"line":890,"column":20},"end":{"line":894,"column":21}},"305":{"start":{"line":893,"column":24},"end":{"line":893,"column":80}},"306":{"start":{"line":895,"column":20},"end":{"line":897,"column":21}},"307":{"start":{"line":896,"column":24},"end":{"line":896,"column":85}},"308":{"start":{"line":898,"column":20},"end":{"line":898,"column":92}},"309":{"start":{"line":898,"column":64},"end":{"line":898,"column":88}},"310":{"start":{"line":902,"column":4},"end":{"line":902,"column":16}},"311":{"start":{"line":903,"column":16},"end":{"line":903,"column":25}},"312":{"start":{"line":904,"column":4},"end":{"line":909,"column":7}},"313":{"start":{"line":905,"column":35},"end":{"line":905,"column":55}},"314":{"start":{"line":906,"column":32},"end":{"line":906,"column":51}},"315":{"start":{"line":908,"column":8},"end":{"line":908,"column":40}},"316":{"start":{"line":911,"column":8},"end":{"line":913,"column":9}},"317":{"start":{"line":912,"column":12},"end":{"line":912,"column":36}},"318":{"start":{"line":914,"column":8},"end":{"line":916,"column":9}},"319":{"start":{"line":915,"column":12},"end":{"line":915,"column":45}},"320":{"start":{"line":917,"column":19},"end":{"line":917,"column":33}},"321":{"start":{"line":918,"column":8},"end":{"line":943,"column":9}},"322":{"start":{"line":922,"column":16},"end":{"line":922,"column":68}},"323":{"start":{"line":924,"column":16},"end":{"line":924,"column":40}},"324":{"start":{"line":926,"column":16},"end":{"line":926,"column":59}},"325":{"start":{"line":928,"column":30},"end":{"line":928,"column":99}},"326":{"start":{"line":928,"column":58},"end":{"line":928,"column":96}},"327":{"start":{"line":929,"column":27},"end":{"line":929,"column":87}},"328":{"start":{"line":930,"column":16},"end":{"line":930,"column":60}},"329":{"start":{"line":933,"column":16},"end":{"line":933,"column":96}},"330":{"start":{"line":935,"column":26},"end":{"line":935,"column":141}},"331":{"start":{"line":935,"column":72},"end":{"line":935,"column":122}},"332":{"start":{"line":936,"column":28},"end":{"line":936,"column":56}},"333":{"start":{"line":937,"column":16},"end":{"line":941,"column":17}},"334":{"start":{"line":938,"column":20},"end":{"line":940,"column":48}},"335":{"start":{"line":942,"column":16},"end":{"line":942,"column":27}},"336":{"start":{"line":945,"column":14},"end":{"line":945,"column":30}},"337":{"start":{"line":946,"column":4},"end":{"line":998,"column":5}},"338":{"start":{"line":947,"column":23},"end":{"line":947,"column":25}},"339":{"start":{"line":948,"column":27},"end":{"line":948,"column":29}},"340":{"start":{"line":949,"column":23},"end":{"line":949,"column":25}},"341":{"start":{"line":950,"column":8},"end":{"line":992,"column":11}},"342":{"start":{"line":951,"column":12},"end":{"line":951,"column":32}},"343":{"start":{"line":952,"column":12},"end":{"line":955,"column":13}},"344":{"start":{"line":953,"column":16},"end":{"line":953,"column":57}},"345":{"start":{"line":954,"column":16},"end":{"line":954,"column":23}},"346":{"start":{"line":956,"column":23},"end":{"line":956,"column":37}},"347":{"start":{"line":957,"column":12},"end":{"line":991,"column":13}},"348":{"start":{"line":961,"column":20},"end":{"line":961,"column":80}},"349":{"start":{"line":962,"column":20},"end":{"line":962,"column":26}},"350":{"start":{"line":964,"column":20},"end":{"line":964,"column":52}},"351":{"start":{"line":965,"column":20},"end":{"line":965,"column":26}},"352":{"start":{"line":967,"column":20},"end":{"line":967,"column":71}},"353":{"start":{"line":968,"column":20},"end":{"line":968,"column":26}},"354":{"start":{"line":970,"column":20},"end":{"line":970,"column":65}},"355":{"start":{"line":971,"column":20},"end":{"line":973,"column":23}},"356":{"start":{"line":972,"column":24},"end":{"line":972,"column":80}},"357":{"start":{"line":974,"column":20},"end":{"line":974,"column":26}},"358":{"start":{"line":976,"column":20},"end":{"line":976,"column":45}},"359":{"start":{"line":977,"column":20},"end":{"line":977,"column":138}},"360":{"start":{"line":977,"column":88},"end":{"line":977,"column":123}},"361":{"start":{"line":978,"column":20},"end":{"line":978,"column":26}},"362":{"start":{"line":980,"column":20},"end":{"line":980,"column":45}},"363":{"start":{"line":981,"column":20},"end":{"line":984,"column":34}},"364":{"start":{"line":982,"column":32},"end":{"line":982,"column":37}},"365":{"start":{"line":982,"column":43},"end":{"line":982,"column":48}},"366":{"start":{"line":983,"column":24},"end":{"line":983,"column":81}},"367":{"start":{"line":985,"column":20},"end":{"line":985,"column":26}},"368":{"start":{"line":987,"column":20},"end":{"line":987,"column":104}},"369":{"start":{"line":988,"column":20},"end":{"line":990,"column":23}},"370":{"start":{"line":989,"column":24},"end":{"line":989,"column":99}},"371":{"start":{"line":993,"column":8},"end":{"line":993,"column":43}},"372":{"start":{"line":994,"column":8},"end":{"line":994,"column":116}},"373":{"start":{"line":997,"column":8},"end":{"line":997,"column":19}},"374":{"start":{"line":1001,"column":15},"end":{"line":1001,"column":17}},"375":{"start":{"line":1002,"column":4},"end":{"line":1005,"column":23}},"376":{"start":{"line":1003,"column":8},"end":{"line":1003,"column":48}},"377":{"start":{"line":1004,"column":8},"end":{"line":1004,"column":41}},"378":{"start":{"line":1006,"column":4},"end":{"line":1006,"column":51}},"379":{"start":{"line":1009,"column":4},"end":{"line":1009,"column":35}},"380":{"start":{"line":1012,"column":4},"end":{"line":1013,"column":38}},"381":{"start":{"line":1013,"column":8},"end":{"line":1013,"column":38}},"382":{"start":{"line":1014,"column":4},"end":{"line":1015,"column":24}},"383":{"start":{"line":1015,"column":8},"end":{"line":1015,"column":24}},"384":{"start":{"line":1016,"column":4},"end":{"line":1017,"column":20}},"385":{"start":{"line":1017,"column":8},"end":{"line":1017,"column":20}},"386":{"start":{"line":1018,"column":14},"end":{"line":1018,"column":27}},"387":{"start":{"line":1019,"column":4},"end":{"line":1020,"column":46}},"388":{"start":{"line":1020,"column":8},"end":{"line":1020,"column":46}},"389":{"start":{"line":1021,"column":4},"end":{"line":1021,"column":15}},"390":{"start":{"line":1024,"column":4},"end":{"line":1024,"column":62}},"391":{"start":{"line":1027,"column":4},"end":{"line":1027,"column":29}},"392":{"start":{"line":1030,"column":4},"end":{"line":1030,"column":54}},"393":{"start":{"line":1033,"column":4},"end":{"line":1033,"column":97}},"394":{"start":{"line":1036,"column":4},"end":{"line":1036,"column":115}},"395":{"start":{"line":1039,"column":17},"end":{"line":1039,"column":20}},"396":{"start":{"line":1040,"column":4},"end":{"line":1063,"column":5}},"397":{"start":{"line":1040,"column":17},"end":{"line":1040,"column":18}},"398":{"start":{"line":1041,"column":19},"end":{"line":1041,"column":32}},"399":{"start":{"line":1042,"column":19},"end":{"line":1042,"column":37}},"400":{"start":{"line":1043,"column":8},"end":{"line":1062,"column":9}},"401":{"start":{"line":1044,"column":12},"end":{"line":1044,"column":28}},"402":{"start":{"line":1046,"column":13},"end":{"line":1062,"column":9}},"403":{"start":{"line":1047,"column":12},"end":{"line":1047,"column":38}},"404":{"start":{"line":1049,"column":13},"end":{"line":1062,"column":9}},"405":{"start":{"line":1050,"column":23},"end":{"line":1050,"column":44}},"406":{"start":{"line":1053,"column":12},"end":{"line":1058,"column":13}},"407":{"start":{"line":1054,"column":16},"end":{"line":1054,"column":42}},"408":{"start":{"line":1057,"column":16},"end":{"line":1057,"column":66}},"409":{"start":{"line":1061,"column":12},"end":{"line":1061,"column":27}},"410":{"start":{"line":1064,"column":4},"end":{"line":1064,"column":18}},"411":{"start":{"line":1065,"column":4},"end":{"line":1065,"column":18}},"412":{"start":{"line":1071,"column":17},"end":{"line":1071,"column":32}},"413":{"start":{"line":1073,"column":15},"end":{"line":1073,"column":31}},"414":{"start":{"line":1074,"column":13},"end":{"line":1074,"column":27}},"415":{"start":{"line":1078,"column":2},"end":{"line":1078,"column":18}},"416":{"start":{"line":1080,"column":20},"end":{"line":1080,"column":32}},"417":{"start":{"line":1081,"column":18},"end":{"line":1081,"column":30}},"418":{"start":{"line":1083,"column":18},"end":{"line":1083,"column":20}},"419":{"start":{"line":1084,"column":13},"end":{"line":1084,"column":14}},"420":{"start":{"line":1086,"column":2},"end":{"line":1106,"column":3}},"421":{"start":{"line":1087,"column":13},"end":{"line":1087,"column":22}},"422":{"start":{"line":1088,"column":18},"end":{"line":1088,"column":34}},"423":{"start":{"line":1089,"column":3},"end":{"line":1105,"column":4}},"424":{"start":{"line":1089,"column":16},"end":{"line":1089,"column":17}},"425":{"start":{"line":1090,"column":20},"end":{"line":1090,"column":24}},"426":{"start":{"line":1092,"column":4},"end":{"line":1102,"column":5}},"427":{"start":{"line":1093,"column":5},"end":{"line":1093,"column":22}},"428":{"start":{"line":1094,"column":11},"end":{"line":1102,"column":5}},"429":{"start":{"line":1095,"column":5},"end":{"line":1095,"column":82}},"430":{"start":{"line":1096,"column":11},"end":{"line":1102,"column":5}},"431":{"start":{"line":1097,"column":5},"end":{"line":1097,"column":35}},"432":{"start":{"line":1098,"column":11},"end":{"line":1102,"column":5}},"433":{"start":{"line":1099,"column":5},"end":{"line":1099,"column":30}},"434":{"start":{"line":1101,"column":5},"end":{"line":1101,"column":83}},"435":{"start":{"line":1103,"column":4},"end":{"line":1103,"column":26}},"436":{"start":{"line":1104,"column":4},"end":{"line":1104,"column":25}},"437":{"start":{"line":1108,"column":2},"end":{"line":1108,"column":40}},"438":{"start":{"line":1110,"column":13},"end":{"line":1110,"column":88}},"439":{"start":{"line":1111,"column":2},"end":{"line":1113,"column":3}},"440":{"start":{"line":1112,"column":3},"end":{"line":1112,"column":21}},"441":{"start":{"line":1116,"column":2},"end":{"line":1116,"column":29}},"442":{"start":{"line":1119,"column":2},"end":{"line":1119,"column":20}},"443":{"start":{"line":1122,"column":2},"end":{"line":1122,"column":50}},"444":{"start":{"line":1125,"column":14},"end":{"line":1125,"column":26}},"445":{"start":{"line":1126,"column":13},"end":{"line":1126,"column":78}},"446":{"start":{"line":1127,"column":2},"end":{"line":1127,"column":29}},"447":{"start":{"line":1130,"column":19},"end":{"line":1130,"column":33}},"448":{"start":{"line":1131,"column":2},"end":{"line":1131,"column":34}},"449":{"start":{"line":1132,"column":2},"end":{"line":1132,"column":30}},"450":{"start":{"line":1133,"column":2},"end":{"line":1133,"column":22}},"451":{"start":{"line":1134,"column":2},"end":{"line":1134,"column":18}},"452":{"start":{"line":1137,"column":2},"end":{"line":1137,"column":25}},"453":{"start":{"line":1140,"column":15},"end":{"line":1140,"column":24}},"454":{"start":{"line":1142,"column":16},"end":{"line":1142,"column":28}},"455":{"start":{"line":1143,"column":14},"end":{"line":1143,"column":26}},"456":{"start":{"line":1145,"column":2},"end":{"line":1151,"column":3}},"457":{"start":{"line":1146,"column":3},"end":{"line":1146,"column":21}},"458":{"start":{"line":1147,"column":9},"end":{"line":1151,"column":3}},"459":{"start":{"line":1148,"column":3},"end":{"line":1148,"column":45}},"460":{"start":{"line":1150,"column":3},"end":{"line":1150,"column":41}},"461":{"start":{"line":1152,"column":2},"end":{"line":1158,"column":3}},"462":{"start":{"line":1153,"column":3},"end":{"line":1153,"column":22}},"463":{"start":{"line":1154,"column":9},"end":{"line":1158,"column":3}},"464":{"start":{"line":1155,"column":3},"end":{"line":1155,"column":41}},"465":{"start":{"line":1157,"column":3},"end":{"line":1157,"column":37}},"466":{"start":{"line":1159,"column":15},"end":{"line":1159,"column":55}},"467":{"start":{"line":1161,"column":17},"end":{"line":1161,"column":29}},"468":{"start":{"line":1162,"column":23},"end":{"line":1162,"column":72}},"469":{"start":{"line":1163,"column":15},"end":{"line":1163,"column":51}},"470":{"start":{"line":1164,"column":2},"end":{"line":1164,"column":30}},"471":{"start":{"line":1165,"column":2},"end":{"line":1165,"column":14}},"472":{"start":{"line":1169,"column":0},"end":{"line":1173,"column":3}},"473":{"start":{"line":1175,"column":0},"end":{"line":1180,"column":3}},"474":{"start":{"line":1197,"column":2},"end":{"line":1197,"column":28}},"475":{"start":{"line":1199,"column":2},"end":{"line":1199,"column":25}},"476":{"start":{"line":1200,"column":2},"end":{"line":1200,"column":19}},"477":{"start":{"line":1203,"column":2},"end":{"line":1205,"column":3}},"478":{"start":{"line":1204,"column":4},"end":{"line":1204,"column":46}},"479":{"start":{"line":1208,"column":2},"end":{"line":1208,"column":50}},"480":{"start":{"line":1211,"column":0},"end":{"line":1211,"column":54}},"481":{"start":{"line":1212,"column":0},"end":{"line":1212,"column":46}},"482":{"start":{"line":1213,"column":0},"end":{"line":1213,"column":41}},"483":{"start":{"line":1216,"column":0},"end":{"line":1218,"column":14}},"484":{"start":{"line":1217,"column":1},"end":{"line":1217,"column":39}},"485":{"start":{"line":1220,"column":18},"end":{"line":1220,"column":42}},"486":{"start":{"line":1223,"column":20},"end":{"line":1223,"column":38}},"487":{"start":{"line":1235,"column":13},"end":{"line":1235,"column":17}},"488":{"start":{"line":1237,"column":12},"end":{"line":1237,"column":82}},"489":{"start":{"line":1238,"column":17},"end":{"line":1238,"column":26}},"490":{"start":{"line":1240,"column":12},"end":{"line":1240,"column":51}},"491":{"start":{"line":1241,"column":20},"end":{"line":1241,"column":32}},"492":{"start":{"line":1242,"column":15},"end":{"line":1242,"column":60}},"493":{"start":{"line":1244,"column":1},"end":{"line":1260,"column":2}},"494":{"start":{"line":1246,"column":2},"end":{"line":1246,"column":14}},"495":{"start":{"line":1247,"column":8},"end":{"line":1260,"column":2}},"496":{"start":{"line":1249,"column":2},"end":{"line":1249,"column":38}},"497":{"start":{"line":1250,"column":8},"end":{"line":1260,"column":2}},"498":{"start":{"line":1250,"column":33},"end":{"line":1260,"column":2}},"499":{"start":{"line":1250,"column":67},"end":{"line":1260,"column":2}},"500":{"start":{"line":1252,"column":2},"end":{"line":1252,"column":27}},"501":{"start":{"line":1253,"column":8},"end":{"line":1260,"column":2}},"502":{"start":{"line":1255,"column":2},"end":{"line":1255,"column":68}},"503":{"start":{"line":1256,"column":8},"end":{"line":1260,"column":2}},"504":{"start":{"line":1259,"column":2},"end":{"line":1259,"column":35}},"505":{"start":{"line":1261,"column":1},"end":{"line":1265,"column":3}},"506":{"start":{"line":1266,"column":1},"end":{"line":1266,"column":18}},"507":{"start":{"line":1267,"column":1},"end":{"line":1267,"column":24}},"508":{"start":{"line":1269,"column":1},"end":{"line":1274,"column":2}},"509":{"start":{"line":1270,"column":2},"end":{"line":1273,"column":5}},"510":{"start":{"line":1271,"column":17},"end":{"line":1271,"column":156}},"511":{"start":{"line":1272,"column":3},"end":{"line":1272,"column":34}},"512":{"start":{"line":1277,"column":0},"end":{"line":1365,"column":2}},"513":{"start":{"line":1279,"column":2},"end":{"line":1279,"column":30}},"514":{"start":{"line":1283,"column":2},"end":{"line":1283,"column":35}},"515":{"start":{"line":1292,"column":2},"end":{"line":1294,"column":5}},"516":{"start":{"line":1293,"column":3},"end":{"line":1293,"column":76}},"517":{"start":{"line":1303,"column":11},"end":{"line":1303,"column":65}},"518":{"start":{"line":1304,"column":2},"end":{"line":1312,"column":5}},"519":{"start":{"line":1305,"column":3},"end":{"line":1311,"column":6}},"520":{"start":{"line":1321,"column":15},"end":{"line":1321,"column":19}},"521":{"start":{"line":1323,"column":2},"end":{"line":1329,"column":5}},"522":{"start":{"line":1324,"column":3},"end":{"line":1328,"column":4}},"523":{"start":{"line":1325,"column":4},"end":{"line":1325,"column":41}},"524":{"start":{"line":1327,"column":4},"end":{"line":1327,"column":133}},"525":{"start":{"line":1338,"column":2},"end":{"line":1340,"column":5}},"526":{"start":{"line":1339,"column":3},"end":{"line":1339,"column":28}},"527":{"start":{"line":1349,"column":2},"end":{"line":1349,"column":32}},"528":{"start":{"line":1359,"column":15},"end":{"line":1359,"column":19}},"529":{"start":{"line":1361,"column":2},"end":{"line":1363,"column":5}},"530":{"start":{"line":1362,"column":3},"end":{"line":1362,"column":46}},"531":{"start":{"line":1368,"column":0},"end":{"line":1375,"column":3}},"532":{"start":{"line":1377,"column":0},"end":{"line":1385,"column":2}},"533":{"start":{"line":1378,"column":1},"end":{"line":1384,"column":2}},"534":{"start":{"line":1380,"column":2},"end":{"line":1383,"column":3}},"535":{"start":{"line":1381,"column":16},"end":{"line":1381,"column":69}},"536":{"start":{"line":1382,"column":3},"end":{"line":1382,"column":44}},"537":{"start":{"line":1395,"column":14},"end":{"line":1395,"column":18}},"538":{"start":{"line":1397,"column":1},"end":{"line":1399,"column":2}},"539":{"start":{"line":1398,"column":2},"end":{"line":1398,"column":82}},"540":{"start":{"line":1401,"column":1},"end":{"line":1401,"column":34}},"541":{"start":{"line":1403,"column":1},"end":{"line":1405,"column":2}},"542":{"start":{"line":1404,"column":2},"end":{"line":1404,"column":52}},"543":{"start":{"line":1407,"column":12},"end":{"line":1407,"column":21}},"544":{"start":{"line":1410,"column":1},"end":{"line":1412,"column":2}},"545":{"start":{"line":1411,"column":2},"end":{"line":1411,"column":47}},"546":{"start":{"line":1415,"column":1},"end":{"line":1417,"column":2}},"547":{"start":{"line":1416,"column":2},"end":{"line":1416,"column":23}},"548":{"start":{"line":1420,"column":1},"end":{"line":1422,"column":2}},"549":{"start":{"line":1421,"column":2},"end":{"line":1421,"column":36}},"550":{"start":{"line":1425,"column":1},"end":{"line":1427,"column":2}},"551":{"start":{"line":1431,"column":13},"end":{"line":1431,"column":15}},"552":{"start":{"line":1432,"column":18},"end":{"line":1432,"column":19}},"553":{"start":{"line":1433,"column":13},"end":{"line":1433,"column":18}},"554":{"start":{"line":1435,"column":1},"end":{"line":1487,"column":4}},"555":{"start":{"line":1439,"column":2},"end":{"line":1444,"column":3}},"556":{"start":{"line":1440,"column":3},"end":{"line":1443,"column":22}},"557":{"start":{"line":1441,"column":4},"end":{"line":1441,"column":17}},"558":{"start":{"line":1442,"column":4},"end":{"line":1442,"column":126}},"559":{"start":{"line":1447,"column":2},"end":{"line":1456,"column":5}},"560":{"start":{"line":1448,"column":3},"end":{"line":1455,"column":4}},"561":{"start":{"line":1450,"column":4},"end":{"line":1450,"column":17}},"562":{"start":{"line":1451,"column":4},"end":{"line":1451,"column":16}},"563":{"start":{"line":1454,"column":4},"end":{"line":1454,"column":119}},"564":{"start":{"line":1458,"column":2},"end":{"line":1471,"column":5}},"565":{"start":{"line":1459,"column":3},"end":{"line":1461,"column":4}},"566":{"start":{"line":1460,"column":4},"end":{"line":1460,"column":11}},"567":{"start":{"line":1463,"column":3},"end":{"line":1467,"column":4}},"568":{"start":{"line":1464,"column":4},"end":{"line":1464,"column":17}},"569":{"start":{"line":1465,"column":4},"end":{"line":1465,"column":99}},"570":{"start":{"line":1466,"column":4},"end":{"line":1466,"column":11}},"571":{"start":{"line":1469,"column":3},"end":{"line":1469,"column":30}},"572":{"start":{"line":1470,"column":3},"end":{"line":1470,"column":21}},"573":{"start":{"line":1473,"column":2},"end":{"line":1486,"column":5}},"574":{"start":{"line":1474,"column":3},"end":{"line":1476,"column":4}},"575":{"start":{"line":1475,"column":4},"end":{"line":1475,"column":11}},"576":{"start":{"line":1478,"column":3},"end":{"line":1478,"column":28}},"577":{"start":{"line":1480,"column":3},"end":{"line":1485,"column":4}},"578":{"start":{"line":1481,"column":4},"end":{"line":1481,"column":46}},"579":{"start":{"line":1484,"column":4},"end":{"line":1484,"column":122}},"580":{"start":{"line":1499,"column":1},"end":{"line":1501,"column":2}},"581":{"start":{"line":1500,"column":2},"end":{"line":1500,"column":98}},"582":{"start":{"line":1503,"column":12},"end":{"line":1503,"column":39}},"583":{"start":{"line":1504,"column":15},"end":{"line":1504,"column":22}},"584":{"start":{"line":1508,"column":1},"end":{"line":1510,"column":2}},"585":{"start":{"line":1509,"column":2},"end":{"line":1509,"column":36}},"586":{"start":{"line":1513,"column":1},"end":{"line":1513,"column":40}},"587":{"start":{"line":1516,"column":1},"end":{"line":1518,"column":2}},"588":{"start":{"line":1517,"column":2},"end":{"line":1517,"column":51}},"589":{"start":{"line":1521,"column":1},"end":{"line":1527,"column":2}},"590":{"start":{"line":1522,"column":2},"end":{"line":1522,"column":91}},"591":{"start":{"line":1524,"column":2},"end":{"line":1526,"column":3}},"592":{"start":{"line":1525,"column":3},"end":{"line":1525,"column":41}},"593":{"start":{"line":1530,"column":1},"end":{"line":1532,"column":2}},"594":{"start":{"line":1531,"column":2},"end":{"line":1531,"column":53}},"595":{"start":{"line":1535,"column":1},"end":{"line":1543,"column":2}},"596":{"start":{"line":1536,"column":2},"end":{"line":1536,"column":22}},"597":{"start":{"line":1540,"column":2},"end":{"line":1542,"column":3}},"598":{"start":{"line":1541,"column":3},"end":{"line":1541,"column":23}},"599":{"start":{"line":1546,"column":1},"end":{"line":1546,"column":53}},"600":{"start":{"line":1558,"column":1},"end":{"line":1560,"column":2}},"601":{"start":{"line":1559,"column":2},"end":{"line":1559,"column":15}},"602":{"start":{"line":1563,"column":1},"end":{"line":1563,"column":155}},"603":{"start":{"line":1572,"column":1},"end":{"line":1572,"column":321}},"604":{"start":{"line":1583,"column":12},"end":{"line":1583,"column":25}},"605":{"start":{"line":1586,"column":1},"end":{"line":1588,"column":2}},"606":{"start":{"line":1587,"column":2},"end":{"line":1587,"column":56}},"607":{"start":{"line":1592,"column":1},"end":{"line":1601,"column":2}},"608":{"start":{"line":1594,"column":2},"end":{"line":1594,"column":25}},"609":{"start":{"line":1595,"column":2},"end":{"line":1595,"column":25}},"610":{"start":{"line":1596,"column":2},"end":{"line":1596,"column":16}},"611":{"start":{"line":1597,"column":2},"end":{"line":1597,"column":16}},"612":{"start":{"line":1599,"column":2},"end":{"line":1599,"column":32}},"613":{"start":{"line":1600,"column":2},"end":{"line":1600,"column":12}},"614":{"start":{"line":1603,"column":1},"end":{"line":1603,"column":13}},"615":{"start":{"line":1616,"column":1},"end":{"line":1647,"column":2}},"616":{"start":{"line":1618,"column":2},"end":{"line":1618,"column":14}},"617":{"start":{"line":1619,"column":8},"end":{"line":1647,"column":2}},"618":{"start":{"line":1621,"column":2},"end":{"line":1621,"column":36}},"619":{"start":{"line":1622,"column":8},"end":{"line":1647,"column":2}},"620":{"start":{"line":1624,"column":2},"end":{"line":1624,"column":59}},"621":{"start":{"line":1625,"column":8},"end":{"line":1647,"column":2}},"622":{"start":{"line":1627,"column":2},"end":{"line":1627,"column":27}},"623":{"start":{"line":1628,"column":8},"end":{"line":1647,"column":2}},"624":{"start":{"line":1630,"column":2},"end":{"line":1630,"column":14}},"625":{"start":{"line":1631,"column":8},"end":{"line":1647,"column":2}},"626":{"start":{"line":1633,"column":2},"end":{"line":1633,"column":14}},"627":{"start":{"line":1634,"column":8},"end":{"line":1647,"column":2}},"628":{"start":{"line":1636,"column":2},"end":{"line":1636,"column":14}},"629":{"start":{"line":1637,"column":8},"end":{"line":1647,"column":2}},"630":{"start":{"line":1639,"column":2},"end":{"line":1639,"column":62}},"631":{"start":{"line":1640,"column":8},"end":{"line":1647,"column":2}},"632":{"start":{"line":1643,"column":2},"end":{"line":1643,"column":14}},"633":{"start":{"line":1646,"column":2},"end":{"line":1646,"column":36}},"634":{"start":{"line":1660,"column":14},"end":{"line":1660,"column":27}},"635":{"start":{"line":1663,"column":1},"end":{"line":1682,"column":2}},"636":{"start":{"line":1665,"column":2},"end":{"line":1665,"column":11}},"637":{"start":{"line":1666,"column":8},"end":{"line":1682,"column":2}},"638":{"start":{"line":1667,"column":2},"end":{"line":1667,"column":19}},"639":{"start":{"line":1668,"column":8},"end":{"line":1682,"column":2}},"640":{"start":{"line":1670,"column":2},"end":{"line":1670,"column":21}},"641":{"start":{"line":1671,"column":8},"end":{"line":1682,"column":2}},"642":{"start":{"line":1673,"column":2},"end":{"line":1677,"column":3}},"643":{"start":{"line":1676,"column":3},"end":{"line":1676,"column":31}},"644":{"start":{"line":1678,"column":2},"end":{"line":1678,"column":14}},"645":{"start":{"line":1681,"column":2},"end":{"line":1681,"column":14}},"646":{"start":{"line":1692,"column":14},"end":{"line":1692,"column":27}},"647":{"start":{"line":1695,"column":1},"end":{"line":1707,"column":2}},"648":{"start":{"line":1697,"column":2},"end":{"line":1697,"column":13}},"649":{"start":{"line":1698,"column":8},"end":{"line":1707,"column":2}},"650":{"start":{"line":1699,"column":2},"end":{"line":1699,"column":27}},"651":{"start":{"line":1700,"column":8},"end":{"line":1707,"column":2}},"652":{"start":{"line":1702,"column":2},"end":{"line":1702,"column":19}},"653":{"start":{"line":1703,"column":2},"end":{"line":1703,"column":13}},"654":{"start":{"line":1706,"column":2},"end":{"line":1706,"column":18}},"655":{"start":{"line":1711,"column":0},"end":{"line":1711,"column":30}},"656":{"start":{"line":1719,"column":26},"end":{"line":1719,"column":57}},"657":{"start":{"line":1720,"column":31},"end":{"line":1720,"column":56}},"658":{"start":{"line":1723,"column":1},"end":{"line":1723,"column":18}},"659":{"start":{"line":1724,"column":1},"end":{"line":1726,"column":2}},"660":{"start":{"line":1725,"column":2},"end":{"line":1725,"column":65}},"661":{"start":{"line":1730,"column":1},"end":{"line":1730,"column":20}},"662":{"start":{"line":1731,"column":1},"end":{"line":1733,"column":2}},"663":{"start":{"line":1732,"column":2},"end":{"line":1732,"column":67}},"664":{"start":{"line":1745,"column":1},"end":{"line":1745,"column":27}},"665":{"start":{"line":1746,"column":1},"end":{"line":1750,"column":2}},"666":{"start":{"line":1747,"column":2},"end":{"line":1749,"column":3}},"667":{"start":{"line":1748,"column":3},"end":{"line":1748,"column":14}},"668":{"start":{"line":1751,"column":1},"end":{"line":1751,"column":18}},"669":{"start":{"line":1754,"column":12},"end":{"line":1754,"column":25}},"670":{"start":{"line":1763,"column":13},"end":{"line":1763,"column":90}},"671":{"start":{"line":1765,"column":2},"end":{"line":1765,"column":34}},"672":{"start":{"line":1767,"column":2},"end":{"line":1778,"column":3}},"673":{"start":{"line":1768,"column":22},"end":{"line":1768,"column":32}},"674":{"start":{"line":1769,"column":23},"end":{"line":1769,"column":46}},"675":{"start":{"line":1771,"column":3},"end":{"line":1775,"column":4}},"676":{"start":{"line":1772,"column":4},"end":{"line":1774,"column":5}},"677":{"start":{"line":1773,"column":5},"end":{"line":1773,"column":36}},"678":{"start":{"line":1777,"column":3},"end":{"line":1777,"column":10}},"679":{"start":{"line":1782,"column":2},"end":{"line":1814,"column":3}},"680":{"start":{"line":1782,"column":27},"end":{"line":1814,"column":3}},"681":{"start":{"line":1783,"column":18},"end":{"line":1783,"column":39}},"682":{"start":{"line":1784,"column":3},"end":{"line":1811,"column":4}},"683":{"start":{"line":1785,"column":4},"end":{"line":1787,"column":5}},"684":{"start":{"line":1786,"column":5},"end":{"line":1786,"column":58}},"685":{"start":{"line":1791,"column":18},"end":{"line":1791,"column":20}},"686":{"start":{"line":1792,"column":4},"end":{"line":1797,"column":5}},"687":{"start":{"line":1793,"column":5},"end":{"line":1795,"column":6}},"688":{"start":{"line":1794,"column":6},"end":{"line":1794,"column":63}},"689":{"start":{"line":1796,"column":5},"end":{"line":1796,"column":34}},"690":{"start":{"line":1799,"column":4},"end":{"line":1804,"column":5}},"691":{"start":{"line":1800,"column":5},"end":{"line":1802,"column":6}},"692":{"start":{"line":1801,"column":6},"end":{"line":1801,"column":73}},"693":{"start":{"line":1803,"column":5},"end":{"line":1803,"column":35}},"694":{"start":{"line":1807,"column":4},"end":{"line":1810,"column":5}},"695":{"start":{"line":1808,"column":19},"end":{"line":1808,"column":28}},"696":{"start":{"line":1809,"column":5},"end":{"line":1809,"column":29}},"697":{"start":{"line":1813,"column":3},"end":{"line":1813,"column":65}},"698":{"start":{"line":1824,"column":2},"end":{"line":1824,"column":19}},"699":{"start":{"line":1825,"column":2},"end":{"line":1825,"column":21}},"700":{"start":{"line":1826,"column":14},"end":{"line":1826,"column":35}},"701":{"start":{"line":1827,"column":2},"end":{"line":1829,"column":3}},"702":{"start":{"line":1828,"column":3},"end":{"line":1828,"column":15}},"703":{"start":{"line":1831,"column":2},"end":{"line":1831,"column":35}},"704":{"start":{"line":1842,"column":16},"end":{"line":1842,"column":93}},"705":{"start":{"line":1844,"column":14},"end":{"line":1844,"column":30}},"706":{"start":{"line":1845,"column":10},"end":{"line":1845,"column":11}},"707":{"start":{"line":1846,"column":2},"end":{"line":1854,"column":3}},"708":{"start":{"line":1847,"column":18},"end":{"line":1847,"column":26}},"709":{"start":{"line":1848,"column":16},"end":{"line":1848,"column":27}},"710":{"start":{"line":1849,"column":17},"end":{"line":1849,"column":28}},"711":{"start":{"line":1851,"column":3},"end":{"line":1851,"column":45}},"712":{"start":{"line":1852,"column":3},"end":{"line":1852,"column":28}},"713":{"start":{"line":1853,"column":3},"end":{"line":1853,"column":7}},"714":{"start":{"line":1865,"column":2},"end":{"line":1865,"column":19}},"715":{"start":{"line":1866,"column":2},"end":{"line":1866,"column":21}},"716":{"start":{"line":1867,"column":2},"end":{"line":1867,"column":21}},"717":{"start":{"line":1868,"column":2},"end":{"line":1868,"column":23}},"718":{"start":{"line":1869,"column":14},"end":{"line":1869,"column":35}},"719":{"start":{"line":1870,"column":2},"end":{"line":1870,"column":54}},"720":{"start":{"line":1881,"column":2},"end":{"line":1881,"column":19}},"721":{"start":{"line":1882,"column":2},"end":{"line":1882,"column":21}},"722":{"start":{"line":1883,"column":2},"end":{"line":1883,"column":21}},"723":{"start":{"line":1884,"column":2},"end":{"line":1884,"column":23}},"724":{"start":{"line":1885,"column":14},"end":{"line":1885,"column":35}},"725":{"start":{"line":1886,"column":2},"end":{"line":1890,"column":3}},"726":{"start":{"line":1887,"column":3},"end":{"line":1887,"column":30}},"727":{"start":{"line":1889,"column":3},"end":{"line":1889,"column":29}},"728":{"start":{"line":1900,"column":2},"end":{"line":1900,"column":19}},"729":{"start":{"line":1901,"column":2},"end":{"line":1901,"column":21}},"730":{"start":{"line":1902,"column":2},"end":{"line":1902,"column":45}},"731":{"start":{"line":1912,"column":2},"end":{"line":1912,"column":19}},"732":{"start":{"line":1913,"column":2},"end":{"line":1913,"column":21}},"733":{"start":{"line":1914,"column":14},"end":{"line":1914,"column":35}},"734":{"start":{"line":1915,"column":2},"end":{"line":1917,"column":3}},"735":{"start":{"line":1916,"column":3},"end":{"line":1916,"column":25}},"736":{"start":{"line":1926,"column":2},"end":{"line":1926,"column":19}},"737":{"start":{"line":1935,"column":2},"end":{"line":1935,"column":44}},"738":{"start":{"line":1944,"column":2},"end":{"line":1944,"column":46}},"739":{"start":{"line":1955,"column":2},"end":{"line":1955,"column":50}},"740":{"start":{"line":1958,"column":0},"end":{"line":1958,"column":63}},"741":{"start":{"line":1960,"column":0},"end":{"line":1965,"column":3}},"742":{"start":{"line":1967,"column":0},"end":{"line":1977,"column":3}},"743":{"start":{"line":1980,"column":12},"end":{"line":1980,"column":91}},"744":{"start":{"line":1982,"column":14},"end":{"line":1982,"column":46}},"745":{"start":{"line":1983,"column":1},"end":{"line":1989,"column":4}},"746":{"start":{"line":1984,"column":2},"end":{"line":1984,"column":25}},"747":{"start":{"line":1986,"column":2},"end":{"line":1986,"column":36}},"748":{"start":{"line":1988,"column":2},"end":{"line":1988,"column":55}},"749":{"start":{"line":1992,"column":17},"end":{"line":1992,"column":35}},"750":{"start":{"line":1995,"column":18},"end":{"line":1995,"column":57}},"751":{"start":{"line":1996,"column":1},"end":{"line":2000,"column":3}},"752":{"start":{"line":2001,"column":1},"end":{"line":2001,"column":17}},"753":{"start":{"line":2004,"column":33},"end":{"line":2032,"column":71}},"754":{"start":{"line":2007,"column":2},"end":{"line":2009,"column":3}},"755":{"start":{"line":2011,"column":18},"end":{"line":2011,"column":32}},"756":{"start":{"line":2012,"column":17},"end":{"line":2012,"column":33}},"757":{"start":{"line":2013,"column":15},"end":{"line":2013,"column":29}},"758":{"start":{"line":2014,"column":16},"end":{"line":2014,"column":31}},"759":{"start":{"line":2016,"column":17},"end":{"line":2016,"column":41}},"760":{"start":{"line":2017,"column":14},"end":{"line":2017,"column":27}},"761":{"start":{"line":2018,"column":2},"end":{"line":2023,"column":3}},"762":{"start":{"line":2019,"column":3},"end":{"line":2022,"column":5}},"763":{"start":{"line":2025,"column":2},"end":{"line":2025,"column":35}},"764":{"start":{"line":2027,"column":2},"end":{"line":2030,"column":4}},"765":{"start":{"line":2034,"column":0},"end":{"line":2039,"column":3}},"766":{"start":{"line":2048,"column":13},"end":{"line":2048,"column":61}},"767":{"start":{"line":2052,"column":23},"end":{"line":2052,"column":49}},"768":{"start":{"line":2053,"column":1},"end":{"line":2055,"column":2}},"769":{"start":{"line":2054,"column":2},"end":{"line":2054,"column":45}},"770":{"start":{"line":2057,"column":1},"end":{"line":2057,"column":12}},"771":{"start":{"line":2068,"column":17},"end":{"line":2068,"column":30}},"772":{"start":{"line":2069,"column":1},"end":{"line":2087,"column":2}},"773":{"start":{"line":2070,"column":2},"end":{"line":2072,"column":3}},"774":{"start":{"line":2071,"column":3},"end":{"line":2071,"column":12}},"775":{"start":{"line":2073,"column":2},"end":{"line":2086,"column":3}},"776":{"start":{"line":2074,"column":3},"end":{"line":2083,"column":4}},"777":{"start":{"line":2075,"column":4},"end":{"line":2077,"column":5}},"778":{"start":{"line":2076,"column":5},"end":{"line":2076,"column":14}},"779":{"start":{"line":2078,"column":4},"end":{"line":2082,"column":5}},"780":{"start":{"line":2079,"column":5},"end":{"line":2079,"column":32}},"781":{"start":{"line":2081,"column":5},"end":{"line":2081,"column":34}},"782":{"start":{"line":2084,"column":9},"end":{"line":2086,"column":3}},"783":{"start":{"line":2085,"column":3},"end":{"line":2085,"column":36}},"784":{"start":{"line":2088,"column":1},"end":{"line":2088,"column":16}},"785":{"start":{"line":2091,"column":20},"end":{"line":2091,"column":48}},"786":{"start":{"line":2094,"column":21},"end":{"line":2094,"column":38}},"787":{"start":{"line":2105,"column":13},"end":{"line":2105,"column":85}},"788":{"start":{"line":2106,"column":13},"end":{"line":2106,"column":83}},"789":{"start":{"line":2108,"column":2},"end":{"line":2108,"column":30}},"790":{"start":{"line":2110,"column":17},"end":{"line":2110,"column":35}},"791":{"start":{"line":2111,"column":18},"end":{"line":2111,"column":43}},"792":{"start":{"line":2113,"column":2},"end":{"line":2118,"column":3}},"793":{"start":{"line":2114,"column":23},"end":{"line":2114,"column":47}},"794":{"start":{"line":2115,"column":3},"end":{"line":2117,"column":4}},"795":{"start":{"line":2116,"column":4},"end":{"line":2116,"column":48}},"796":{"start":{"line":2120,"column":2},"end":{"line":2126,"column":4}},"797":{"start":{"line":2130,"column":2},"end":{"line":2130,"column":37}},"798":{"start":{"line":2134,"column":2},"end":{"line":2134,"column":34}},"799":{"start":{"line":2141,"column":2},"end":{"line":2141,"column":75}},"800":{"start":{"line":2145,"column":2},"end":{"line":2145,"column":39}},"801":{"start":{"line":2149,"column":2},"end":{"line":2149,"column":38}},"802":{"start":{"line":2153,"column":2},"end":{"line":2153,"column":35}},"803":{"start":{"line":2162,"column":2},"end":{"line":2169,"column":5}},"804":{"start":{"line":2173,"column":0},"end":{"line":2173,"column":31}},"805":{"start":{"line":2175,"column":0},"end":{"line":2183,"column":3}},"806":{"start":{"line":2185,"column":0},"end":{"line":2190,"column":3}},"807":{"start":{"line":2192,"column":20},"end":{"line":2192,"column":47}},"808":{"start":{"line":2195,"column":18},"end":{"line":2195,"column":27}},"809":{"start":{"line":2196,"column":19},"end":{"line":2196,"column":29}},"810":{"start":{"line":2198,"column":35},"end":{"line":2198,"column":73}},"811":{"start":{"line":2207,"column":1},"end":{"line":2207,"column":76}},"812":{"start":{"line":2211,"column":15},"end":{"line":2211,"column":84}},"813":{"start":{"line":2212,"column":1},"end":{"line":2212,"column":62}},"814":{"start":{"line":2224,"column":13},"end":{"line":2224,"column":83}},"815":{"start":{"line":2229,"column":2},"end":{"line":2242,"column":3}},"816":{"start":{"line":2230,"column":3},"end":{"line":2238,"column":4}},"817":{"start":{"line":2234,"column":4},"end":{"line":2234,"column":38}},"818":{"start":{"line":2237,"column":4},"end":{"line":2237,"column":38}},"819":{"start":{"line":2239,"column":3},"end":{"line":2239,"column":14}},"820":{"start":{"line":2241,"column":3},"end":{"line":2241,"column":36}},"821":{"start":{"line":2244,"column":15},"end":{"line":2244,"column":51}},"822":{"start":{"line":2245,"column":2},"end":{"line":2245,"column":32}},"823":{"start":{"line":2247,"column":2},"end":{"line":2249,"column":3}},"824":{"start":{"line":2248,"column":3},"end":{"line":2248,"column":72}},"825":{"start":{"line":2251,"column":18},"end":{"line":2251,"column":111}},"826":{"start":{"line":2253,"column":2},"end":{"line":2256,"column":5}},"827":{"start":{"line":2258,"column":18},"end":{"line":2258,"column":66}},"828":{"start":{"line":2260,"column":2},"end":{"line":2265,"column":3}},"829":{"start":{"line":2261,"column":23},"end":{"line":2261,"column":52}},"830":{"start":{"line":2262,"column":3},"end":{"line":2264,"column":4}},"831":{"start":{"line":2263,"column":4},"end":{"line":2263,"column":48}},"832":{"start":{"line":2267,"column":15},"end":{"line":2267,"column":53}},"833":{"start":{"line":2268,"column":2},"end":{"line":2268,"column":45}},"834":{"start":{"line":2268,"column":24},"end":{"line":2268,"column":45}},"835":{"start":{"line":2270,"column":2},"end":{"line":2272,"column":3}},"836":{"start":{"line":2271,"column":3},"end":{"line":2271,"column":74}},"837":{"start":{"line":2274,"column":2},"end":{"line":2280,"column":4}},"838":{"start":{"line":2283,"column":2},"end":{"line":2283,"column":105}},"839":{"start":{"line":2284,"column":2},"end":{"line":2284,"column":117}},"840":{"start":{"line":2285,"column":2},"end":{"line":2285,"column":52}},"841":{"start":{"line":2286,"column":2},"end":{"line":2286,"column":41}},"842":{"start":{"line":2290,"column":2},"end":{"line":2290,"column":34}},"843":{"start":{"line":2294,"column":2},"end":{"line":2294,"column":49}},"844":{"start":{"line":2298,"column":2},"end":{"line":2298,"column":35}},"845":{"start":{"line":2302,"column":2},"end":{"line":2302,"column":36}},"846":{"start":{"line":2306,"column":2},"end":{"line":2306,"column":34}},"847":{"start":{"line":2315,"column":2},"end":{"line":2315,"column":27}},"848":{"start":{"line":2319,"column":0},"end":{"line":2319,"column":30}},"849":{"start":{"line":2321,"column":0},"end":{"line":2326,"column":3}},"850":{"start":{"line":2328,"column":0},"end":{"line":2335,"column":3}},"851":{"start":{"line":2344,"column":19},"end":{"line":2344,"column":49}},"852":{"start":{"line":2345,"column":17},"end":{"line":2345,"column":58}},"853":{"start":{"line":2348,"column":1},"end":{"line":2350,"column":2}},"854":{"start":{"line":2349,"column":2},"end":{"line":2349,"column":31}},"855":{"start":{"line":2353,"column":1},"end":{"line":2355,"column":2}},"856":{"start":{"line":2354,"column":2},"end":{"line":2354,"column":58}},"857":{"start":{"line":2357,"column":1},"end":{"line":2359,"column":2}},"858":{"start":{"line":2358,"column":2},"end":{"line":2358,"column":62}},"859":{"start":{"line":2361,"column":1},"end":{"line":2363,"column":2}},"860":{"start":{"line":2362,"column":2},"end":{"line":2362,"column":101}},"861":{"start":{"line":2366,"column":26},"end":{"line":2366,"column":30}},"862":{"start":{"line":2367,"column":1},"end":{"line":2369,"column":2}},"863":{"start":{"line":2368,"column":2},"end":{"line":2368,"column":27}},"864":{"start":{"line":2370,"column":1},"end":{"line":2375,"column":2}},"865":{"start":{"line":2371,"column":21},"end":{"line":2371,"column":43}},"866":{"start":{"line":2372,"column":2},"end":{"line":2374,"column":3}},"867":{"start":{"line":2373,"column":3},"end":{"line":2373,"column":43}},"868":{"start":{"line":2376,"column":1},"end":{"line":2378,"column":2}},"869":{"start":{"line":2377,"column":2},"end":{"line":2377,"column":52}},"870":{"start":{"line":2381,"column":1},"end":{"line":2383,"column":2}},"871":{"start":{"line":2382,"column":2},"end":{"line":2382,"column":86}},"872":{"start":{"line":2386,"column":1},"end":{"line":2388,"column":2}},"873":{"start":{"line":2387,"column":2},"end":{"line":2387,"column":49}},"874":{"start":{"line":2390,"column":13},"end":{"line":2390,"column":26}},"875":{"start":{"line":2391,"column":1},"end":{"line":2393,"column":2}},"876":{"start":{"line":2392,"column":2},"end":{"line":2392,"column":27}},"877":{"start":{"line":2395,"column":1},"end":{"line":2397,"column":2}},"878":{"start":{"line":2396,"column":2},"end":{"line":2396,"column":37}},"879":{"start":{"line":2402,"column":1},"end":{"line":2406,"column":4}},"880":{"start":{"line":2422,"column":2},"end":{"line":2422,"column":28}},"881":{"start":{"line":2424,"column":2},"end":{"line":2424,"column":24}},"882":{"start":{"line":2425,"column":2},"end":{"line":2425,"column":25}},"883":{"start":{"line":2428,"column":2},"end":{"line":2428,"column":50}},"884":{"start":{"line":2431,"column":0},"end":{"line":2431,"column":54}},"885":{"start":{"line":2432,"column":0},"end":{"line":2432,"column":46}},"886":{"start":{"line":2433,"column":0},"end":{"line":2433,"column":41}},"887":{"start":{"line":2436,"column":22},"end":{"line":2436,"column":40}},"888":{"start":{"line":2437,"column":20},"end":{"line":2437,"column":31}},"889":{"start":{"line":2449,"column":1},"end":{"line":2451,"column":2}},"890":{"start":{"line":2450,"column":2},"end":{"line":2450,"column":92}},"891":{"start":{"line":2453,"column":1},"end":{"line":2453,"column":30}},"892":{"start":{"line":2456,"column":1},"end":{"line":2676,"column":4}},"893":{"start":{"line":2458,"column":18},"end":{"line":2458,"column":40}},"894":{"start":{"line":2459,"column":18},"end":{"line":2459,"column":48}},"895":{"start":{"line":2461,"column":15},"end":{"line":2461,"column":69}},"896":{"start":{"line":2462,"column":17},"end":{"line":2462,"column":31}},"897":{"start":{"line":2464,"column":17},"end":{"line":2464,"column":21}},"898":{"start":{"line":2466,"column":16},"end":{"line":2474,"column":3}},"899":{"start":{"line":2467,"column":15},"end":{"line":2467,"column":60}},"900":{"start":{"line":2468,"column":3},"end":{"line":2468,"column":17}},"901":{"start":{"line":2469,"column":3},"end":{"line":2471,"column":4}},"902":{"start":{"line":2470,"column":4},"end":{"line":2470,"column":32}},"903":{"start":{"line":2472,"column":3},"end":{"line":2472,"column":43}},"904":{"start":{"line":2472,"column":36},"end":{"line":2472,"column":43}},"905":{"start":{"line":2473,"column":3},"end":{"line":2473,"column":38}},"906":{"start":{"line":2476,"column":2},"end":{"line":2479,"column":3}},"907":{"start":{"line":2477,"column":3},"end":{"line":2477,"column":11}},"908":{"start":{"line":2478,"column":3},"end":{"line":2478,"column":10}},"909":{"start":{"line":2481,"column":27},"end":{"line":2484,"column":3}},"910":{"start":{"line":2482,"column":3},"end":{"line":2482,"column":11}},"911":{"start":{"line":2483,"column":3},"end":{"line":2483,"column":14}},"912":{"start":{"line":2487,"column":14},"end":{"line":2487,"column":27}},"913":{"start":{"line":2490,"column":2},"end":{"line":2492,"column":3}},"914":{"start":{"line":2491,"column":3},"end":{"line":2491,"column":54}},"915":{"start":{"line":2495,"column":3},"end":{"line":2495,"column":15}},"916":{"start":{"line":2496,"column":3},"end":{"line":2496,"column":69}},"917":{"start":{"line":2496,"column":15},"end":{"line":2496,"column":69}},"918":{"start":{"line":2497,"column":3},"end":{"line":2497,"column":28}},"919":{"start":{"line":2500,"column":2},"end":{"line":2507,"column":3}},"920":{"start":{"line":2501,"column":3},"end":{"line":2506,"column":6}},"921":{"start":{"line":2502,"column":4},"end":{"line":2505,"column":24}},"922":{"start":{"line":2503,"column":5},"end":{"line":2503,"column":85}},"923":{"start":{"line":2504,"column":5},"end":{"line":2504,"column":16}},"924":{"start":{"line":2509,"column":2},"end":{"line":2512,"column":5}},"925":{"start":{"line":2510,"column":3},"end":{"line":2510,"column":101}},"926":{"start":{"line":2511,"column":3},"end":{"line":2511,"column":14}},"927":{"start":{"line":2514,"column":2},"end":{"line":2673,"column":5}},"928":{"start":{"line":2515,"column":3},"end":{"line":2515,"column":28}},"929":{"start":{"line":2517,"column":19},"end":{"line":2517,"column":52}},"930":{"start":{"line":2520,"column":3},"end":{"line":2591,"column":4}},"931":{"start":{"line":2522,"column":21},"end":{"line":2522,"column":44}},"932":{"start":{"line":2525,"column":24},"end":{"line":2525,"column":85}},"933":{"start":{"line":2528,"column":4},"end":{"line":2590,"column":5}},"934":{"start":{"line":2530,"column":6},"end":{"line":2530,"column":93}},"935":{"start":{"line":2531,"column":6},"end":{"line":2531,"column":17}},"936":{"start":{"line":2532,"column":6},"end":{"line":2532,"column":13}},"937":{"start":{"line":2535,"column":6},"end":{"line":2543,"column":7}},"938":{"start":{"line":2537,"column":7},"end":{"line":2542,"column":8}},"939":{"start":{"line":2538,"column":8},"end":{"line":2538,"column":45}},"940":{"start":{"line":2544,"column":6},"end":{"line":2544,"column":12}},"941":{"start":{"line":2547,"column":6},"end":{"line":2549,"column":7}},"942":{"start":{"line":2548,"column":7},"end":{"line":2548,"column":13}},"943":{"start":{"line":2552,"column":6},"end":{"line":2556,"column":7}},"944":{"start":{"line":2553,"column":7},"end":{"line":2553,"column":93}},"945":{"start":{"line":2554,"column":7},"end":{"line":2554,"column":18}},"946":{"start":{"line":2555,"column":7},"end":{"line":2555,"column":14}},"947":{"start":{"line":2560,"column":26},"end":{"line":2570,"column":7}},"948":{"start":{"line":2573,"column":6},"end":{"line":2577,"column":7}},"949":{"start":{"line":2574,"column":7},"end":{"line":2574,"column":114}},"950":{"start":{"line":2575,"column":7},"end":{"line":2575,"column":18}},"951":{"start":{"line":2576,"column":7},"end":{"line":2576,"column":14}},"952":{"start":{"line":2580,"column":6},"end":{"line":2584,"column":7}},"953":{"start":{"line":2581,"column":7},"end":{"line":2581,"column":34}},"954":{"start":{"line":2582,"column":7},"end":{"line":2582,"column":36}},"955":{"start":{"line":2583,"column":7},"end":{"line":2583,"column":52}},"956":{"start":{"line":2587,"column":6},"end":{"line":2587,"column":60}},"957":{"start":{"line":2588,"column":6},"end":{"line":2588,"column":17}},"958":{"start":{"line":2589,"column":6},"end":{"line":2589,"column":13}},"959":{"start":{"line":2594,"column":3},"end":{"line":2596,"column":6}},"960":{"start":{"line":2595,"column":4},"end":{"line":2595,"column":70}},"961":{"start":{"line":2595,"column":16},"end":{"line":2595,"column":70}},"962":{"start":{"line":2597,"column":14},"end":{"line":2597,"column":43}},"963":{"start":{"line":2599,"column":28},"end":{"line":2607,"column":4}},"964":{"start":{"line":2610,"column":19},"end":{"line":2610,"column":50}},"965":{"start":{"line":2620,"column":3},"end":{"line":2624,"column":4}},"966":{"start":{"line":2621,"column":4},"end":{"line":2621,"column":52}},"967":{"start":{"line":2622,"column":4},"end":{"line":2622,"column":22}},"968":{"start":{"line":2623,"column":4},"end":{"line":2623,"column":11}},"969":{"start":{"line":2631,"column":23},"end":{"line":2634,"column":4}},"970":{"start":{"line":2637,"column":3},"end":{"line":2642,"column":4}},"971":{"start":{"line":2638,"column":4},"end":{"line":2638,"column":53}},"972":{"start":{"line":2639,"column":4},"end":{"line":2639,"column":52}},"973":{"start":{"line":2640,"column":4},"end":{"line":2640,"column":22}},"974":{"start":{"line":2641,"column":4},"end":{"line":2641,"column":11}},"975":{"start":{"line":2645,"column":3},"end":{"line":2660,"column":4}},"976":{"start":{"line":2648,"column":16},"end":{"line":2648,"column":45}},"977":{"start":{"line":2649,"column":4},"end":{"line":2658,"column":7}},"978":{"start":{"line":2651,"column":5},"end":{"line":2655,"column":6}},"979":{"start":{"line":2652,"column":6},"end":{"line":2652,"column":45}},"980":{"start":{"line":2654,"column":6},"end":{"line":2654,"column":48}},"981":{"start":{"line":2656,"column":5},"end":{"line":2656,"column":53}},"982":{"start":{"line":2657,"column":5},"end":{"line":2657,"column":23}},"983":{"start":{"line":2659,"column":4},"end":{"line":2659,"column":11}},"984":{"start":{"line":2663,"column":3},"end":{"line":2668,"column":4}},"985":{"start":{"line":2664,"column":4},"end":{"line":2664,"column":52}},"986":{"start":{"line":2665,"column":4},"end":{"line":2665,"column":52}},"987":{"start":{"line":2666,"column":4},"end":{"line":2666,"column":22}},"988":{"start":{"line":2667,"column":4},"end":{"line":2667,"column":11}},"989":{"start":{"line":2671,"column":3},"end":{"line":2671,"column":51}},"990":{"start":{"line":2672,"column":3},"end":{"line":2672,"column":21}},"991":{"start":{"line":2675,"column":2},"end":{"line":2675,"column":30}},"992":{"start":{"line":2684,"column":0},"end":{"line":2686,"column":2}},"993":{"start":{"line":2685,"column":1},"end":{"line":2685,"column":85}},"994":{"start":{"line":2689,"column":0},"end":{"line":2689,"column":31}},"995":{"start":{"line":2695,"column":25},"end":{"line":2695,"column":103}},"996":{"start":{"line":2695,"column":31},"end":{"line":2695,"column":103}},"997":{"start":{"line":2698,"column":19},"end":{"line":2698,"column":47}},"998":{"start":{"line":2698,"column":25},"end":{"line":2698,"column":47}},"999":{"start":{"line":2701,"column":28},"end":{"line":2701,"column":84}},"1000":{"start":{"line":2703,"column":34},"end":{"line":2703,"column":42}},"1001":{"start":{"line":2704,"column":21},"end":{"line":2704,"column":35}},"1002":{"start":{"line":2707,"column":2},"end":{"line":2707,"column":21}},"1003":{"start":{"line":2709,"column":19},"end":{"line":2709,"column":43}},"1004":{"start":{"line":2711,"column":2},"end":{"line":2711,"column":23}},"1005":{"start":{"line":2712,"column":2},"end":{"line":2712,"column":35}},"1006":{"start":{"line":2716,"column":2},"end":{"line":2721,"column":84}},"1007":{"start":{"line":2725,"column":34},"end":{"line":2725,"column":75}},"1008":{"start":{"line":2731,"column":3},"end":{"line":2731,"column":19}},"1009":{"start":{"line":2733,"column":2},"end":{"line":2733,"column":45}},"1010":{"start":{"line":2734,"column":2},"end":{"line":2734,"column":47}},"1011":{"start":{"line":2738,"column":25},"end":{"line":2738,"column":114}},"1012":{"start":{"line":2739,"column":2},"end":{"line":2746,"column":3}},"1013":{"start":{"line":2740,"column":3},"end":{"line":2745,"column":6}},"1014":{"start":{"line":2741,"column":4},"end":{"line":2741,"column":22}},"1015":{"start":{"line":2741,"column":15},"end":{"line":2741,"column":22}},"1016":{"start":{"line":2744,"column":4},"end":{"line":2744,"column":77}},"1017":{"start":{"line":2748,"column":2},"end":{"line":2766,"column":3}},"1018":{"start":{"line":2750,"column":16},"end":{"line":2753,"column":15}},"1019":{"start":{"line":2751,"column":20},"end":{"line":2751,"column":49}},"1020":{"start":{"line":2752,"column":17},"end":{"line":2752,"column":70}},"1021":{"start":{"line":2755,"column":3},"end":{"line":2755,"column":31}},"1022":{"start":{"line":2757,"column":16},"end":{"line":2763,"column":15}},"1023":{"start":{"line":2758,"column":20},"end":{"line":2758,"column":49}},"1024":{"start":{"line":2760,"column":16},"end":{"line":2760,"column":56}},"1025":{"start":{"line":2761,"column":5},"end":{"line":2761,"column":71}},"1026":{"start":{"line":2765,"column":3},"end":{"line":2765,"column":31}},"1027":{"start":{"line":2768,"column":18},"end":{"line":2768,"column":42}},"1028":{"start":{"line":2773,"column":26},"end":{"line":2820,"column":3}},"1029":{"start":{"line":2775,"column":4},"end":{"line":2777,"column":5}},"1030":{"start":{"line":2776,"column":5},"end":{"line":2776,"column":46}},"1031":{"start":{"line":2778,"column":4},"end":{"line":2778,"column":44}},"1032":{"start":{"line":2779,"column":4},"end":{"line":2779,"column":40}},"1033":{"start":{"line":2782,"column":4},"end":{"line":2782,"column":44}},"1034":{"start":{"line":2785,"column":19},"end":{"line":2785,"column":113}},"1035":{"start":{"line":2787,"column":4},"end":{"line":2816,"column":5}},"1036":{"start":{"line":2788,"column":5},"end":{"line":2788,"column":36}},"1037":{"start":{"line":2791,"column":6},"end":{"line":2792,"column":100}},"1038":{"start":{"line":2795,"column":5},"end":{"line":2815,"column":6}},"1039":{"start":{"line":2796,"column":6},"end":{"line":2796,"column":53}},"1040":{"start":{"line":2798,"column":22},"end":{"line":2802,"column":7}},"1041":{"start":{"line":2804,"column":25},"end":{"line":2804,"column":52}},"1042":{"start":{"line":2805,"column":6},"end":{"line":2808,"column":9}},"1043":{"start":{"line":2806,"column":21},"end":{"line":2806,"column":48}},"1044":{"start":{"line":2807,"column":7},"end":{"line":2807,"column":47}},"1045":{"start":{"line":2807,"column":18},"end":{"line":2807,"column":47}},"1046":{"start":{"line":2810,"column":18},"end":{"line":2812,"column":18}},"1047":{"start":{"line":2811,"column":19},"end":{"line":2811,"column":43}},"1048":{"start":{"line":2814,"column":6},"end":{"line":2814,"column":32}},"1049":{"start":{"line":2818,"column":4},"end":{"line":2818,"column":36}},"1050":{"start":{"line":2826,"column":2},"end":{"line":2866,"column":3}},"1051":{"start":{"line":2827,"column":26},"end":{"line":2834,"column":8}},"1052":{"start":{"line":2836,"column":3},"end":{"line":2836,"column":54}},"1053":{"start":{"line":2839,"column":19},"end":{"line":2839,"column":35}},"1054":{"start":{"line":2840,"column":3},"end":{"line":2856,"column":4}},"1055":{"start":{"line":2841,"column":4},"end":{"line":2855,"column":8}},"1056":{"start":{"line":2842,"column":5},"end":{"line":2842,"column":28}},"1057":{"start":{"line":2842,"column":16},"end":{"line":2842,"column":28}},"1058":{"start":{"line":2845,"column":5},"end":{"line":2845,"column":52}},"1059":{"start":{"line":2847,"column":5},"end":{"line":2854,"column":11}},"1060":{"start":{"line":2858,"column":3},"end":{"line":2858,"column":44}},"1061":{"start":{"line":2860,"column":3},"end":{"line":2862,"column":4}},"1062":{"start":{"line":2861,"column":4},"end":{"line":2861,"column":30}},"1063":{"start":{"line":2864,"column":3},"end":{"line":2864,"column":53}},"1064":{"start":{"line":2865,"column":3},"end":{"line":2865,"column":18}},"1065":{"start":{"line":2868,"column":2},"end":{"line":3015,"column":3}},"1066":{"start":{"line":2869,"column":3},"end":{"line":2877,"column":4}},"1067":{"start":{"line":2870,"column":21},"end":{"line":2870,"column":78}},"1068":{"start":{"line":2872,"column":4},"end":{"line":2872,"column":41}},"1069":{"start":{"line":2873,"column":4},"end":{"line":2873,"column":40}},"1070":{"start":{"line":2874,"column":4},"end":{"line":2874,"column":14}},"1071":{"start":{"line":2876,"column":4},"end":{"line":2876,"column":11}},"1072":{"start":{"line":2879,"column":3},"end":{"line":2882,"column":4}},"1073":{"start":{"line":2880,"column":4},"end":{"line":2880,"column":76}},"1074":{"start":{"line":2881,"column":4},"end":{"line":2881,"column":11}},"1075":{"start":{"line":2884,"column":20},"end":{"line":2884,"column":55}},"1076":{"start":{"line":2887,"column":27},"end":{"line":2887,"column":40}},"1077":{"start":{"line":2888,"column":11},"end":{"line":2888,"column":12}},"1078":{"start":{"line":2890,"column":3},"end":{"line":2894,"column":6}},"1079":{"start":{"line":2891,"column":4},"end":{"line":2891,"column":41}},"1080":{"start":{"line":2892,"column":4},"end":{"line":2892,"column":27}},"1081":{"start":{"line":2892,"column":15},"end":{"line":2892,"column":27}},"1082":{"start":{"line":2893,"column":4},"end":{"line":2893,"column":8}},"1083":{"start":{"line":2896,"column":17},"end":{"line":2921,"column":4}},"1084":{"start":{"line":2923,"column":3},"end":{"line":2935,"column":4}},"1085":{"start":{"line":2924,"column":12},"end":{"line":2924,"column":13}},"1086":{"start":{"line":2925,"column":4},"end":{"line":2934,"column":5}},"1087":{"start":{"line":2925,"column":17},"end":{"line":2925,"column":18}},"1088":{"start":{"line":2926,"column":18},"end":{"line":2926,"column":31}},"1089":{"start":{"line":2927,"column":5},"end":{"line":2927,"column":25}},"1090":{"start":{"line":2927,"column":16},"end":{"line":2927,"column":25}},"1091":{"start":{"line":2929,"column":5},"end":{"line":2933,"column":7}},"1092":{"start":{"line":2937,"column":31},"end":{"line":2937,"column":48}},"1093":{"start":{"line":2939,"column":22},"end":{"line":2945,"column":4}},"1094":{"start":{"line":2940,"column":41},"end":{"line":2940,"column":60}},"1095":{"start":{"line":2942,"column":5},"end":{"line":2942,"column":73}},"1096":{"start":{"line":2947,"column":16},"end":{"line":2952,"column":34}},"1097":{"start":{"line":2954,"column":3},"end":{"line":2956,"column":4}},"1098":{"start":{"line":2955,"column":4},"end":{"line":2955,"column":118}},"1099":{"start":{"line":2958,"column":16},"end":{"line":2958,"column":95}},"1100":{"start":{"line":2958,"column":65},"end":{"line":2958,"column":91}},"1101":{"start":{"line":2959,"column":16},"end":{"line":2959,"column":47}},"1102":{"start":{"line":
[...]
n":4}},"type":"binary-expr","locations":[{"start":{"line":3120,"column":2},"end":{"line":3120,"column":58}},{"start":{"line":3120,"column":62},"end":{"line":3123,"column":4}}],"line":3120},"397":{"loc":{"start":{"line":3125,"column":2},"end":{"line":3128,"column":4}},"type":"binary-expr","locations":[{"start":{"line":3125,"column":2},"end":{"line":3125,"column":62}},{"start":{"line":3125,"column":66},"end":{"line":3128,"column":4}}],"line":3125},"398":{"loc":{"start":{"line":3137,"column":29},"end":{"line":3137,"column":46}},"type":"binary-expr","locations":[{"start":{"line":3137,"column":29},"end":{"line":3137,"column":36}},{"start":{"line":3137,"column":40},"end":{"line":3137,"column":46}}],"line":3137},"399":{"loc":{"start":{"line":3145,"column":2},"end":{"line":3147,"column":3}},"type":"if","locations":[{"start":{"line":3145,"column":2},"end":{"line":3147,"column":3}},{"start":{"line":3145,"column":2},"end":{"line":3147,"column":3}}],"line":3145},"400":{"loc":{"start":{"line":3152,"column":8},"end":{"line":3160,"column":3}},"type":"cond-expr","locations":[{"start":{"line":3153,"column":4},"end":{"line":3153,"column":54}},{"start":{"line":3154,"column":4},"end":{"line":3160,"column":3}}],"line":3152},"401":{"loc":{"start":{"line":3155,"column":3},"end":{"line":3159,"column":4}},"type":"if","locations":[{"start":{"line":3155,"column":3},"end":{"line":3159,"column":4}},{"start":{"line":3155,"column":3},"end":{"line":3159,"column":4}}],"line":3155},"402":{"loc":{"start":{"line":3164,"column":1},"end":{"line":3164,"column":69}},"type":"if","locations":[{"start":{"line":3164,"column":1},"end":{"line":3164,"column":69}},{"start":{"line":3164,"column":1},"end":{"line":3164,"column":69}}],"line":3164},"403":{"loc":{"start":{"line":3165,"column":1},"end":{"line":3165,"column":49}},"type":"if","locations":[{"start":{"line":3165,"column":1},"end":{"line":3165,"column":49}},{"start":{"line":3165,"column":1},"end":{"line":3165,"column":49}}],"line":3165},"404":{"loc":{"start":{"line":3166,"column":1},"end":{"line":3166,"column":48}},"type":"if","locations":[{"start":{"line":3166,"column":1},"end":{"line":3166,"column":48}},{"start":{"line":3166,"column":1},"end":{"line":3166,"column":48}}],"line":3166},"405":{"loc":{"start":{"line":3167,"column":23},"end":{"line":3167,"column":65}},"type":"cond-expr","locations":[{"start":{"line":3167,"column":50},"end":{"line":3167,"column":53}},{"start":{"line":3167,"column":56},"end":{"line":3167,"column":65}}],"line":3167},"406":{"loc":{"start":{"line":3175,"column":16},"end":{"line":3177,"column":40}},"type":"cond-expr","locations":[{"start":{"line":3176,"column":4},"end":{"line":3176,"column":34}},{"start":{"line":3177,"column":4},"end":{"line":3177,"column":40}}],"line":3175},"407":{"loc":{"start":{"line":3183,"column":2},"end":{"line":3199,"column":3}},"type":"if","locations":[{"start":{"line":3183,"column":2},"end":{"line":3199,"column":3}},{"start":{"line":3183,"column":2},"end":{"line":3199,"column":3}}],"line":3183},"408":{"loc":{"start":{"line":3215,"column":2},"end":{"line":3215,"column":37}},"type":"if","locations":[{"start":{"line":3215,"column":2},"end":{"line":3215,"column":37}},{"start":{"line":3215,"column":2},"end":{"line":3215,"column":37}}],"line":3215}},"s":{"0":10,"1":1,"2":1,"3":1,"4":1,"5":1,"6":1,"7":1,"8":1,"9":1,"10":1,"11":1,"12":1,"13":5,"14":1,"15":5,"16":0,"17":0,"18":1,"19":1,"20":1,"21":5,"22":0,"23":0,"24":0,"25":0,"26":0,"27":0,"28":1,"29":0,"30":0,"31":0,"32":0,"33":0,"34":0,"35":0,"36":0,"37":0,"38":0,"39":1,"40":0,"41":0,"42":0,"43":0,"44":0,"45":0,"46":0,"47":1,"48":0,"49":0,"50":0,"51":0,"52":0,"53":0,"54":0,"55":0,"56":0,"57":0,"58":0,"59":0,"60":8,"61":0,"62":0,"63":0,"64":0,"65":0,"66":0,"67":1,"68":1,"69":0,"70":0,"71":1,"72":0,"73":1,"74":0,"75":0,"76":0,"77":1,"78":0,"79":0,"80":0,"81":0,"82":0,"83":0,"84":1,"85":0,"86":0,"87":0,"88":0,"89":0,"90":1,"91":0,"92":0,"93":0,"94":0,"95":0,"96":1,"97":1,"98":0,"99":0,"100":0,"101":0,"102":0,"103":1,"104":1,"105":0,"106":0,"107":0,"108":0,"109":0,"110":1,"111":1,"112":0,"113":0,"114":0,"115":0,"116":0,"117":0,"118":0,"119":1,"120":1,"121":0,"122":0,"123":0,"124":1,"125":1,"126":1,"127":0,"128":0,"129":0,"130":0,"131":0,"132":0,"133":0,"134":0,"135":0,"136":0,"137":0,"138":0,"139":0,"140":0,"141":0,"142":0,"143":0,"144":0,"145":0,"146":0,"147":0,"148":0,"149":0,"150":0,"151":0,"152":0,"153":0,"154":0,"155":0,"156":1,"157":1,"158":0,"159":0,"160":0,"161":0,"162":0,"163":0,"164":0,"165":0,"166":0,"167":0,"168":0,"169":0,"170":0,"171":0,"172":0,"173":0,"174":0,"175":0,"176":0,"177":0,"178":0,"179":0,"180":0,"181":0,"182":0,"183":0,"184":0,"185":0,"186":0,"187":0,"188":0,"189":0,"190":0,"191":0,"192":0,"193":0,"194":0,"195":0,"196":0,"197":0,"198":0,"199":0,"200":0,"201":0,"202":0,"203":0,"204":1,"205":0,"206":0,"207":0,"208":0,"209":0,"210":1,"211":1,"212":1,"213":1,"214":1,"215":1,"216":0,"217":0,"218":0,"219":0,"220":0,"221":0,"222":0,"223":0,"224":0,"225":0,"226":0,"227":0,"228":0,"229":0,"230":0,"231":0,"232":0,"233":0,"234":0,"235":0,"236":0,"237":0,"238":0,"239":0,"240":0,"241":0,"242":0,"243":0,"244":0,"245":0,"246":0,"247":0,"248":0,"249":0,"250":0,"251":0,"252":0,"253":0,"254":0,"255":0,"256":0,"257":0,"258":0,"259":0,"260":0,"261":0,"262":0,"263":0,"264":0,"265":0,"266":0,"267":0,"268":0,"269":0,"270":0,"271":0,"272":0,"273":0,"274":0,"275":0,"276":0,"277":0,"278":0,"279":0,"280":0,"281":0,"282":1,"283":1,"284":1,"285":1,"286":1,"287":1,"288":0,"289":0,"290":0,"291":0,"292":0,"293":0,"294":0,"295":0,"296":0,"297":0,"298":0,"299":0,"300":0,"301":0,"302":0,"303":0,"304":0,"305":0,"306":0,"307":0,"308":0,"309":0,"310":0,"311":0,"312":0,"313":0,"314":0,"315":0,"316":0,"317":0,"318":0,"319":0,"320":0,"321":0,"322":0,"323":0,"324":0,"325":0,"326":0,"327":0,"328":0,"329":0,"330":0,"331":0,"332":0,"333":0,"334":0,"335":0,"336":0,"337":0,"338":0,"339":0,"340":0,"341":0,"342":0,"343":0,"344":0,"345":0,"346":0,"347":0,"348":0,"349":0,"350":0,"351":0,"352":0,"353":0,"354":0,"355":0,"356":0,"357":0,"358":0,"359":0,"360":0,"361":0,"362":0,"363":0,"364":0,"365":0,"366":0,"367":0,"368":0,"369":0,"370":0,"371":0,"372":0,"373":0,"374":0,"375":0,"376":0,"377":0,"378":0,"379":0,"380":0,"381":0,"382":0,"383":0,"384":0,"385":0,"386":0,"387":0,"388":0,"389":0,"390":0,"391":0,"392":0,"393":0,"394":0,"395":0,"396":0,"397":0,"398":0,"399":0,"400":0,"401":0,"402":0,"403":0,"404":0,"405":0,"406":0,"407":0,"408":0,"409":0,"410":0,"411":0,"412":1,"413":1,"414":1,"415":0,"416":0,"417":0,"418":0,"419":0,"420":0,"421":0,"422":0,"423":0,"424":0,"425":0,"426":0,"427":0,"428":0,"429":0,"430":0,"431":0,"432":0,"433":0,"434":0,"435":0,"436":0,"437":0,"438":0,"439":0,"440":0,"441":0,"442":0,"443":0,"444":0,"445":0,"446":0,"447":0,"448":0,"449":0,"450":0,"451":0,"452":0,"453":0,"454":0,"455":0,"456":0,"457":0,"458":0,"459":0,"460":0,"461":0,"462":0,"463":0,"464":0,"465":0,"466":0,"467":0,"468":0,"469":0,"470":0,"471":0,"472":1,"473":1,"474":0,"475":0,"476":0,"477":0,"478":0,"479":0,"480":1,"481":1,"482":1,"483":1,"484":1,"485":1,"486":1,"487":0,"488":0,"489":0,"490":0,"491":0,"492":0,"493":0,"494":0,"495":0,"496":0,"497":0,"498":0,"499":0,"500":0,"501":0,"502":0,"503":0,"504":0,"505":0,"506":0,"507":0,"508":0,"509":0,"510":0,"511":0,"512":1,"513":0,"514":0,"515":0,"516":0,"517":0,"518":0,"519":0,"520":0,"521":0,"522":0,"523":0,"524":0,"525":0,"526":0,"527":0,"528":0,"529":0,"530":0,"531":1,"532":1,"533":2,"534":16,"535":16,"536":16,"537":0,"538":0,"539":0,"540":0,"541":0,"542":0,"543":0,"544":0,"545":0,"546":0,"547":0,"548":0,"549":0,"550":0,"551":0,"552":0,"553":0,"554":0,"555":0,"556":0,"557":0,"558":0,"559":0,"560":0,"561":0,"562":0,"563":0,"564":0,"565":0,"566":0,"567":0,"568":0,"569":0,"570":0,"571":0,"572":0,"573":0,"574":0,"575":0,"576":0,"577":0,"578":0,"579":0,"580":0,"581":0,"582":0,"583":0,"584":0,"585":0,"586":0,"587":0,"588":0,"589":0,"590":0,"591":0,"592":0,"593":0,"594":0,"595":0,"596":0,"597":0,"598":0,"599":0,"600":0,"601":0,"602":0,"603":0,"604":0,"605":0,"606":0,"607":0,"608":0,"609":0,"610":0,"611":0,"612":0,"613":0,"614":0,"615":0,"616":0,"617":0,"618":0,"619":0,"620":0,"621":0,"622":0,"623":0,"624":0,"625":0,"626":0,"627":0,"628":0,"629":0,"630":0,"631":0,"632":0,"633":0,"634":0,"635":0,"636":0,"637":0,"638":0,"639":0,"640":0,"641":0,"642":0,"643":0,"644":0,"645":0,"646":0,"647":0,"648":0,"649":0,"650":0,"651":0,"652":0,"653":0,"654":0,"655":1,"656":1,"657":1,"658":0,"659":0,"660":0,"661":0,"662":0,"663":0,"664":0,"665":0,"666":0,"667":0,"668":0,"669":1,"670":0,"671":0,"672":0,"673":0,"674":0,"675":0,"676":0,"677":0,"678":0,"679":0,"680":0,"681":0,"682":0,"683":0,"684":0,"685":0,"686":0,"687":0,"688":0,"689":0,"690":0,"691":0,"692":0,"693":0,"694":0,"695":0,"696":0,"697":0,"698":0,"699":0,"700":0,"701":0,"702":0,"703":0,"704":0,"705":0,"706":0,"707":0,"708":0,"709":0,"710":0,"711":0,"712":0,"713":0,"714":0,"715":0,"716":0,"717":0,"718":0,"719":0,"720":0,"721":0,"722":0,"723":0,"724":0,"725":0,"726":0,"727":0,"728":0,"729":0,"730":0,"731":0,"732":0,"733":0,"734":0,"735":0,"736":0,"737":0,"738":0,"739":0,"740":1,"741":1,"742":1,"743":0,"744":0,"745":0,"746":0,"747":0,"748":0,"749":1,"750":0,"751":0,"752":0,"753":1,"754":0,"755":0,"756":0,"757":0,"758":0,"759":0,"760":0,"761":0,"762":0,"763":0,"764":0,"765":1,"766":0,"767":0,"768":0,"769":0,"770":0,"771":0,"772":0,"773":0,"774":0,"775":0,"776":0,"777":0,"778":0,"779":0,"780":0,"781":0,"782":0,"783":0,"784":0,"785":1,"786":1,"787":0,"788":0,"789":0,"790":0,"791":0,"792":0,"793":0,"794":0,"795":0,"796":0,"797":0,"798":0,"799":0,"800":0,"801":0,"802":0,"803":0,"804":1,"805":1,"806":1,"807":1,"808":1,"809":1,"810":1,"811":0,"812":0,"813":0,"814":0,"815":0,"816":0,"817":0,"818":0,"819":0,"820":0,"821":0,"822":0,"823":0,"824":0,"825":0,"826":0,"827":0,"828":0,"829":0,"830":0,"831":0,"832":0,"833":0,"834":0,"835":0,"836":0,"837":0,"838":0,"839":0,"840":0,"841":0,"842":0,"843":0,"844":0,"845":0,"846":0,"847":0,"848":1,"849":1,"850":1,"851":0,"852":0,"853":0,"854":0,"855":0,"856":0,"857":0,"858":0,"859":0,"860":0,"861":0,"862":0,"863":0,"864":0,"865":0,"866":0,"867":0,"868":0,"869":0,"870":0,"871":0,"872":0,"873":0,"874":0,"875":0,"876":0,"877":0,"878":0,"879":0,"880":0,"881":0,"882":0,"883":0,"884":1,"885":1,"886":1,"887":1,"888":1,"889":0,"890":0,"891":0,"892":0,"893":0,"894":0,"895":0,"896":0,"897":0,"898":0,"899":0,"900":0,"901":0,"902":0,"903":0,"904":0,"905":0,"906":0,"907":0,"908":0,"909":0,"910":0,"911":0,"912":0,"913":0,"914":0,"915":0,"916":0,"917":0,"918":0,"919":0,"920":0,"921":0,"922":0,"923":0,"924":0,"925":0,"926":0,"927":0,"928":0,"929":0,"930":0,"931":0,"932":0,"933":0,"934":0,"935":0,"936":0,"937":0,"938":0,"939":0,"940":0,"941":0,"942":0,"943":0,"944":0,"945":0,"946":0,"947":0,"948":0,"949":0,"950":0,"951":0,"952":0,"953":0,"954":0,"955":0,"956":0,"957":0,"958":0,"959":0,"960":0,"961":0,"962":0,"963":0,"964":0,"965":0,"966":0,"967":0,"968":0,"969":0,"970":0,"971":0,"972":0,"973":0,"974":0,"975":0,"976":0,"977":0,"978":0,"979":0,"980":0,"981":0,"982":0,"983":0,"984":0,"985":0,"986":0,"987":0,"988":0,"989":0,"990":0,"991":0,"992":1,"993":0,"994":1,"995":1,"996":0,"997":1,"998":0,"999":1,"1000":1,"1001":1,"1002":0,"1003":0,"1004":0,"1005":0,"1006":0,"1007":0,"1008":0,"1009":0,"1010":0,"1011":0,"1012":0,"1013":0,"1014":0,"1015":0,"1016":0,"1017":0,"1018":0,"1019":0,"1020":0,"1021":0,"1022":0,"1023":0,"1024":0,"1025":0,"1026":0,"1027":0,"1028":0,"1029":0,"1030":0,"1031":0,"1032":0,"1033":0,"1034":0,"1035":0,"1036":0,"1037":0,"1038":0,"1039":0,"1040":0,"1041":0,"1042":0,"1043":0,"1044":0,"1045":0,"1046":0,"1047":0,"1048":0,"1049":0,"1050":0,"1051":0,"1052":0,"1053":0,"1054":0,"1055":0,"1056":0,"1057":0,"1058":0,"1059":0,"1060":0,"1061":0,"1062":0,"1063":0,"1064":0,"1065":0,"1066":0,"1067":0,"1068":0,"1069":0,"1070":0,"1071":0,"1072":0,"1073":0,"1074":0,"1075":0,"1076":0,"1077":0,"1078":0,"1079":0,"1080":0,"1081":0,"1082":0,"1083":0,"1084":0,"1085":0,"1086":0,"1087":0,"1088":0,"1089":0,"1090":0,"1091":0,"1092":0,"1093":0,"1094":0,"1095":0,"1096":0,"1097":0,"1098":0,"1099":0,"1100":0,"1101":0,"1102":0,"1103":0,"1104":0,"1105":0,"1106":0,"1107":0,"1108":0,"1109":0,"1110":0,"1111":0,"1112":0,"1113":0,"1114":0,"1115":0,"1116":0,"1117":0,"1118":0,"1119":0,"1120":0,"1121":0,"1122":0,"1123":0,"1124":0,"1125":0,"1126":0,"1127":0,"1128":0,"1129":0,"1130":0,"1131":0,"1132":0,"1133":0,"1134":1,"1135":0,"1136":0,"1137":0,"1138":0,"1139":0,"1140":0,"1141":0,"1142":0,"1143":0,"1144":0,"1145":0,"1146":0,"1147":0,"1148":0,"1149":0,"1150":0,"1151":0,"1152":0,"1153":0,"1154":1,"1155":1,"1156":1,"1157":769,"1158":769,"1159":1,"1160":768,"1161":768,"1162":768,"1163":987,"1164":0,"1165":0,"1166":1,"1167":1,"1168":1,"1169":0,"1170":0,"1171":0,"1172":0,"1173":0,"1174":0,"1175":0,"1176":0,"1177":0,"1178":0,"1179":0,"1180":1,"1181":0,"1182":0,"1183":0,"1184":0,"1185":1,"1186":0,"1187":0,"1188":0,"1189":0,"1190":0,"1191":0,"1192":0,"1193":0,"1194":0,"1195":0,"1196":0,"1197":0,"1198":2,"1199":0,"1200":0,"1201":2,"1202":0,"1203":2,"1204":0,"1205":0,"1206":0,"1207":0,"1208":0,"1209":0,"1210":0,"1211":0,"1212":0,"1213":0,"1214":0,"1215":1,"1216":1,"1217":1,"1218":1,"1219":0},"f":{"0":10,"1":5,"2":5,"3":0,"4":5,"5":0,"6":0,"7":0,"8":0,"9":0,"10":0,"11":0,"12":0,"13":0,"14":0,"15":0,"16":0,"17":0,"18":0,"19":0,"20":8,"21":0,"22":0,"23":0,"24":0,"25":0,"26":0,"27":0,"28":0,"29":0,"30":0,"31":0,"32":0,"33":0,"34":0,"35":0,"36":0,"37":0,"38":0,"39":0,"40":0,"41":0,"42":0,"43":0,"44":0,"45":0,"46":0,"47":1,"48":0,"49":0,"50":0,"51":0,"52":0,"53":0,"54":0,"55":0,"56":0,"57":0,"58":0,"59":0,"60":0,"61":0,"62":0,"63":0,"64":0,"65":0,"66":0,"67":0,"68":0,"69":0,"70":0,"71":0,"72":0,"73":0,"74":0,"75":0,"76":0,"77":0,"78":0,"79":0,"80":0,"81":0,"82":0,"83":0,"84":0,"85":0,"86":0,"87":0,"88":0,"89":0,"90":0,"91":0,"92":0,"93":0,"94":0,"95":0,"96":0,"97":0,"98":0,"99":0,"100":0,"101":0,"102":0,"103":0,"104":0,"105":2,"106":0,"107":0,"108":0,"109":0,"110":0,"111":0,"112":0,"113":0,"114":0,"115":0,"116":0,"117":0,"118":0,"119":0,"120":0,"121":0,"122":0,"123":0,"124":0,"125":0,"126":0,"127":0,"128":0,"129":0,"130":0,"131":0,"132":0,"133":0,"134":0,"135":0,"136":0,"137":0,"138":0,"139":0,"140":0,"141":0,"142":0,"143":0,"144":0,"145":0,"146":0,"147":0,"148":0,"149":0,"150":0,"151":0,"152":0,"153":0,"154":0,"155":0,"156":0,"157":0,"158":0,"159":0,"160":0,"161":0,"162":0,"163":0,"164":0,"165":0,"166":0,"167":0,"168":0,"169":0,"170":0,"171":0,"172":1,"173":0,"174":0,"175":0,"176":0,"177":0,"178":0,"179":0,"180":0,"181":0,"182":0,"183":0,"184":0,"185":0,"186":0,"187":0,"188":0,"189":0,"190":0,"191":0,"192":0,"193":0,"194":0,"195":0,"196":0,"197":0,"198":0,"199":0,"200":0,"201":0,"202":0,"203":0,"204":0,"205":0,"206":0,"207":769,"208":987,"209":0,"210":1,"211":0,"212":1,"213":0,"214":0,"215":0,"216":0,"217":0,"218":0,"219":2,"220":0,"221":0,"222":0,"223":0,"224":0,"225":1},"b":{"0":[0,10],"1":[10,10,6],"2":[0,0],"3":[0,0],"4":[0,0,0,0],"5":[0,0],"6":[0,0],"7":[0,0],"8":[0,0],"9":[0,0],"10":[0,0],"11":[0],"12":[0],"13":[0,0],"14":[0,0,0],"15":[0,0],"16":[0,0],"17":[0,0,0],"18":[0,0],"19":[0,0,0],"20":[0,0],"21":[0,0],"22":[0,0],"23":[0,0],"24":[0,0,0],"25":[0,0],"26":[0,0],"27":[0,0,0],"28":[0,0],"29":[0,0,0],"30":[0,0],"31":[0],"32":[0,0],"33":[0,0],"34":[0,0],"35":[0],"36":[0,0],"37":[0,0],"38":[0,0],"39":[0,0],"40":[0],"41":[0,0],"42":[0,0,0],"43":[0,0],"44":[0,0,0],"45":[0,0],"46":[0,0,0],"47":[0,0],"48":[0,0,0],"49":[0,0],"50":[0,0,0],"51":[0,0],"52":[0,0,0],"53":[0,0],"54":[0,0],"55":[0,0],"56":[0,0],"57":[0,0],"58":[0,0],"59":[0,0],"60":[0,0],"61":[0,0],"62":[0,0],"63":[0,0],"64":[0,0],"65":[0,0],"66":[0,0],"67":[0,0],"68":[0,0],"69":[0,0],"70":[0,0],"71":[0,0],"72":[0,0],"73":[0,0],"74":[0,0],"75":[0,0],"76":[0,0],"77":[0,0],"78":[0,0],"79":[0,0],"80":[0,0],"81":[0,0],"82":[0,0],"83":[0,0],"84":[0,0],"85":[0,0,0,0,0],"86":[0,0],"87":[0,0],"88":[0,0],"89":[0,0,0,0,0,0,0,0,0],"90":[0,0],"91":[0,0,0],"92":[0,0],"93":[0,0],"94":[0,0],"95":[0,0,0,0,0,0,0,0,0],"96":[0,0],"97":[0,0],"98":[0,0],"99":[0,0],"100":[0,0],"101":[0,0],"102":[0,0],"103":[0,0,0,0,0,0,0,0,0],"104":[0,0],"105":[0,0],"106":[0,0],"107":[0,0],"108":[0,0],"109":[0,0],"110":[0,0],"111":[0,0],"112":[0,0],"113":[0,0],"114":[0,0],"115":[0,0],"116":[0,0],"117":[0,0],"118":[0,0],"119":[0,0,0],"120":[0,0],"121":[0,0],"122":[0,0],"123":[0,0],"124":[0,0],"125":[0,0],"126":[0,0,0],"127":[0,0],"128":[0,0],"129":[0,0],"130":[0,0],"131":[0,0],"132":[0,0],"133":[0,0],"134":[0,0],"135":[0,0],"136":[0,0],"137":[0,0],"138":[0,0],"139":[0,0],"140":[0,0],"141":[0,0],"142":[0,0],"143":[0,0],"144":[0,0],"145":[0,0],"146":[0,0],"147":[0,0,0],"148":[16],"149":[0,0],"150":[0,0],"151":[0,0],"152":[0,0],"153":[0,0],"154":[0],"155":[0,0],"156":[0,0],"157":[0,0],"158":[0,0],"159":[0,0],"160":[0,0],"161":[0,0],"162":[0,0],"163":[0,0],"164":[0,0],"165":[0,0],"166":[0,0],"167":[0,0],"168":[0,0],"169":[0,0],"170":[0,0],"171":[0,0],"172":[0,0],"173":[0,0],"174":[0,0],"175":[0,0,0,0,0,0,0],"176":[0,0,0],"177":[0,0,0,0,0,0,0,0],"178":[0,0],"179":[0,0],"180":[0,0],"181":[0,0],"182":[0,0],"183":[0,0],"184":[0,0],"185":[0,0],"186":[0,0],"187":[0,0],"188":[0,0],"189":[0,0],"190":[0,0],"191":[0,0],"192":[0,0],"193":[0,0],"194":[0,0],"195":[0,0],"196":[0,0],"197":[0,0,0,0],"198":[0,0],"199":[0,0],"200":[0,0],"201":[0,0],"202":[0,0],"203":[0,0],"204":[0,0],"205":[0,0],"206":[0,0],"207":[0,0],"208":[0,0],"209":[0,0],"210":[0,0],"211":[0,0],"212":[0,0],"213":[0,0],"214":[0,0],"215":[0,0],"216":[0,0],"217":[0,0],"218":[0,0],"219":[0,0],"220":[0,0],"221":[0,0],"222":[0,0],"223":[0,0],"224":[0,0],"225":[0],"226":[0,0],"227":[0,0],"228":[0,0],"229":[0,0],"230":[0,0],"231":[0,0],"232":[0,0],"233":[0,0],"234":[0,0],"235":[0,0],"236":[0,0],"237":[0,0],"238":[0,0],"239":[0,0],"240":[0,0],"241":[0,0],"242":[0,0],"243":[0,0],"244":[0,0],"245":[0,0],"246":[0,0,0],"247":[0,0],"248":[0,0],"249":[0,0],"250":[0,0],"251":[0,0],"252":[0,0],"253":[0,0,0],"254":[0,0],"255":[0,0,0,0,0],"256":[0,0],"257":[0,0],"258":[0,0],"259":[0,0,0],"260":[0,0,0],"261":[0,0,0],"262":[0,0],"263":[0,0],"264":[0,0],"265":[0,0],"266":[0,0],"267":[0,0],"268":[0,0],"269":[0,0,0],"270":[0,0],"271":[0,0],"272":[0,0],"273":[0,0],"274":[0,0,0],"275":[0,0],"276":[0,0],"277":[0,0],"278":[0,0],"279":[0,0],"280":[0,0],"281":[0,0,0],"282":[0,0],"283":[0,0],"284":[0,0],"285":[0,0],"286":[0,0],"287":[0,0],"288":[0,0],"289":[0,0],"290":[0,0],"291":[0,0],"292":[0,0],"293":[0,0],"294":[0,0],"295":[0,0],"296":[0,0],"297":[0,0],"298":[0,0],"299":[0,0],"300":[0,0],"301":[0,0],"302":[0,0],"303":[0,0],"304":[0,0],"305":[0,0],"306":[0,0,0],"307":[0,0],"308":[0,0],"309":[0,0],"310":[0,0],"311":[0,0,0],"312":[0,0],"313":[0,0,0,0],"314":[0,0],"315":[0,0],"316":[0,0,0,0,0],"317":[0,0],"318":[0,0],"319":[0,0],"320":[0,0],"321":[0,0],"322":[0,0],"323":[0,0],"324":[0,0,0,0,0],"325":[0,0],"326":[0],"327":[0],"328":[0,0],"329":[0,0],"330":[0,0],"331":[0,0],"332":[0,0],"333":[0,0],"334":[0,0],"335":[0,0],"336":[0,0],"337":[0,0,0],"338":[0,0],"339":[0,0],"340":[0,0,0],"341":[0,0],"342":[0,0],"343":[0,0],"344":[0,0],"345":[0,0],"346":[0,0],"347":[0,0],"348":[0,0],"349":[0,0],"350":[0,0],"351":[0,0],"352":[0,0],"353":[0,0],"354":[0,0],"355":[0,0],"356":[0,0],"357":[0,0],"358":[0,0],"359":[0,0],"360":[0,0],"361":[0,0],"362":[0,0],"363":[0,0],"364":[0,0],"365":[0,0],"366":[0,0],"367":[0,0],"368":[0,0],"369":[0,0],"370":[0,0],"371":[0,0],"372":[0,0],"373":[0,0],"374":[0,0],"375":[0,0],"376":[0,0],"377":[0,0],"378":[0,0],"379":[0,0],"380":[0,0],"381":[0,0],"382":[0,0],"383":[0,0],"384":[0],"385":[0,0],"386":[1,768],"387":[0,0],"388":[1],"389":[0,0],"390":[0,0],"391":[0,0],"392":[0,0],"393":[0,0],"394":[0,0],"395":[0,0],"396":[1,1],"397":[1,0],"398":[1,1],"399":[0,0],"400":[1,0],"401":[0,0],"402":[0,0],"403":[0,0],"404":[0,0],"405":[0,0],"406":[1,1],"407":[0,0],"408":[0,1]},"_coverageSchema":"43e27e138ebf9cfc5966b082cf9a028302ed4184","hash":"eefb34d79322ecae74112b7a12d21316a3595fb2","contentHash":"e0a983e1b36244668cceb60381e988ebe4457a43b3f0c355627dfbc30479f35c"}}